This file contains any messages produced by compilers while
running configure, to aid debugging if configure makes a mistake.

It was created by transmission configure 2.77, which was
generated by GNU Autoconf 2.65.  Invocation command line was

  $ ./configure --host=mipsel-linux --build=x86_64-linux-gnu --target=mipsel-linux --prefix=/usr --disable-nls --enable-lightweight --enable-largefile --enable-utp --without-gtk LIBCURL_CFLAGS=-I/home/forgotfun/project/Myth/shibby_110/release/src-rt/router/libcurl/include LIBCURL_LIBS=-L/home/forgotfun/project/Myth/shibby_110/release/src-rt/router/libcurl/lib/.libs/ -lcurl LIBEVENT_CFLAGS=-I/home/forgotfun/project/Myth/shibby_110/release/src-rt/router/libevent/include LIBEVENT_LIBS=-L/home/forgotfun/project/Myth/shibby_110/release/src-rt/router/libevent/.libs -levent OPENSSL_CFLAGS=-I/home/forgotfun/project/Myth/shibby_110/release/src-rt/router/openssl/include OPENSSL_LIBS=-L/home/forgotfun/project/Myth/shibby_110/release/src-rt/router/openssl -lcrypto -lssl build_alias=x86_64-linux-gnu host_alias=mipsel-linux target_alias=mipsel-linux CC=mipsel-uclibc-gcc CFLAGS=-Os -Wall -fno-delete-null-pointer-checks -funit-at-a-time 		--param large-function-growth=800 --param max-inline-insns-single=3000 		-ffunction-sections -fdata-sections LDFLAGS=-L/home/forgotfun/project/Myth/shibby_110/release/src-rt/router/zlib -ffunction-sections -fdata-sections -Wl,--gc-sections -fPIC CPPFLAGS=-I/home/forgotfun/project/Myth/shibby_110/release/src-rt/router/zlib --no-create --no-recursion

## --------- ##
## Platform. ##
## --------- ##

hostname = ThinkPad-X230
uname -m = x86_64
uname -r = 3.8.0-34-generic
uname -s = Linux
uname -v = #49-Ubuntu SMP Tue Nov 12 18:00:10 UTC 2013

/usr/bin/uname -p = unknown
/bin/uname -X     = unknown

/bin/arch              = unknown
/usr/bin/arch -k       = unknown
/usr/convex/getsysinfo = unknown
/usr/bin/hostinfo      = unknown
/bin/machine           = unknown
/usr/bin/oslevel       = unknown
/bin/universe          = unknown

PATH: /home/forgotfun/project/NewStageCode/shibby_110/release/tools
PATH: /projects/hnd/tools/linux/hndtools-arm-linux-2.6.36-uclibc-4.5.3/bin/
PATH: /usr/lib/lightdm/lightdm
PATH: /usr/local/sbin
PATH: /usr/local/bin
PATH: /usr/sbin
PATH: /usr/bin
PATH: /sbin
PATH: /bin
PATH: /usr/games
PATH: /usr/local/games
PATH: /opt/brcm/hndtools-mipsel-linux/bin
PATH: /opt/brcm/hndtools-mipsel-uclibc/bin


## ----------- ##
## Core tests. ##
## ----------- ##

configure:2543: checking for a BSD-compatible install
configure:2611: result: /usr/bin/install -c
configure:2622: checking whether build environment is sane
configure:2672: result: yes
configure:2721: checking for mipsel-linux-strip
configure:2748: result: mipsel-uclibc-strip
configure:2813: checking for a thread-safe mkdir -p
configure:2852: result: /bin/mkdir -p
configure:2865: checking for gawk
configure:2881: found /usr/bin/gawk
configure:2892: result: gawk
configure:2903: checking whether make sets $(MAKE)
configure:2925: result: yes
configure:3000: checking how to create a pax tar archive
configure:3013: tar --version
tar (GNU tar) 1.26
Copyright (C) 2011 Free Software Foundation, Inc.
License GPLv3+: GNU GPL version 3 or later <http://gnu.org/licenses/gpl.html>.
This is free software: you are free to change and redistribute it.
There is NO WARRANTY, to the extent permitted by law.

Written by John Gilmore and Jay Fenlason.
configure:3016: $? = 0
configure:3056: tardir=conftest.dir && eval tar --format=posix -chf - "$tardir" >conftest.tar
configure:3059: $? = 0
configure:3063: tar -xf - <conftest.tar
configure:3066: $? = 0
configure:3079: result: gnutar
configure:3115: checking build system type
configure:3129: result: x86_64-pc-linux-gnu
configure:3149: checking host system type
configure:3162: result: mipsel-unknown-linux-gnu
configure:3203: checking how to print strings
configure:3230: result: printf
configure:3263: checking for style of include used by make
configure:3291: result: GNU
configure:3321: checking for mipsel-linux-gcc
configure:3348: result: mipsel-uclibc-gcc
configure:3617: checking for C compiler version
configure:3626: mipsel-uclibc-gcc --version >&5
mipsel-uclibc-gcc (GCC) 4.2.4
Copyright (C) 2007 Free Software Foundation, Inc.
This is free software; see the source for copying conditions.  There is NO
warranty; not even for MERCHANTABILITY or FITNESS FOR A PARTICULAR PURPOSE.

configure:3637: $? = 0
configure:3626: mipsel-uclibc-gcc -v >&5
Using built-in specs.
Target: mipsel-linux-uclibc
Configured with: /home/shibby/openwrt/tomato.toolchain/t/build_dir/toolchain-mipsel_gcc4.2.4/gcc-4.2.4/configure --prefix=/opt/brcm/hndtools-mipsel-uclibc-4.2.4 --build=x86_64-linux-gnu --host=x86_64-linux-gnu --target=mipsel-linux-uclibc --with-gnu-ld --enable-target-optspace --disable-libgomp --disable-libmudflap --disable-multilib --disable-nls --disable-__cxa_atexit --enable-libssp --enable-languages=c,c++ --enable-shared --enable-threads --enable-tls
Thread model: posix
gcc version 4.2.4
configure:3637: $? = 0
configure:3626: mipsel-uclibc-gcc -V >&5
mipsel-uclibc-gcc: '-V' option must have argument
configure:3637: $? = 1
configure:3626: mipsel-uclibc-gcc -qversion >&5
mipsel-uclibc-gcc: unrecognized option '-qversion'
mipsel-uclibc-gcc: no input files
configure:3637: $? = 1
configure:3657: checking whether the C compiler works
configure:3679: mipsel-uclibc-gcc -Os -Wall -fno-delete-null-pointer-checks -funit-at-a-time 		--param large-function-growth=800 --param max-inline-insns-single=3000 		-ffunction-sections -fdata-sections -I/home/forgotfun/project/Myth/shibby_110/release/src-rt/router/zlib -L/home/forgotfun/project/Myth/shibby_110/release/src-rt/router/zlib -ffunction-sections -fdata-sections -Wl,--gc-sections -fPIC conftest.c  >&5
configure:3683: $? = 0
configure:3732: result: yes
configure:3735: checking for C compiler default output file name
configure:3737: result: a.out
configure:3743: checking for suffix of executables
configure:3750: mipsel-uclibc-gcc -o conftest -Os -Wall -fno-delete-null-pointer-checks -funit-at-a-time 		--param large-function-growth=800 --param max-inline-insns-single=3000 		-ffunction-sections -fdata-sections -I/home/forgotfun/project/Myth/shibby_110/release/src-rt/router/zlib -L/home/forgotfun/project/Myth/shibby_110/release/src-rt/router/zlib -ffunction-sections -fdata-sections -Wl,--gc-sections -fPIC conftest.c  >&5
configure:3754: $? = 0
configure:3776: result: 
configure:3798: checking whether we are cross compiling
configure:3836: result: yes
configure:3841: checking for suffix of object files
configure:3863: mipsel-uclibc-gcc -c -Os -Wall -fno-delete-null-pointer-checks -funit-at-a-time 		--param large-function-growth=800 --param max-inline-insns-single=3000 		-ffunction-sections -fdata-sections -I/home/forgotfun/project/Myth/shibby_110/release/src-rt/router/zlib conftest.c >&5
configure:3867: $? = 0
configure:3888: result: o
configure:3892: checking whether we are using the GNU C compiler
configure:3911: mipsel-uclibc-gcc -c -Os -Wall -fno-delete-null-pointer-checks -funit-at-a-time 		--param large-function-growth=800 --param max-inline-insns-single=3000 		-ffunction-sections -fdata-sections -I/home/forgotfun/project/Myth/shibby_110/release/src-rt/router/zlib conftest.c >&5
configure:3911: $? = 0
configure:3920: result: yes
configure:3929: checking whether mipsel-uclibc-gcc accepts -g
configure:3949: mipsel-uclibc-gcc -c -g -I/home/forgotfun/project/Myth/shibby_110/release/src-rt/router/zlib conftest.c >&5
configure:3949: $? = 0
configure:3990: result: yes
configure:4007: checking for mipsel-uclibc-gcc option to accept ISO C89
configure:4071: mipsel-uclibc-gcc  -c -Os -Wall -fno-delete-null-pointer-checks -funit-at-a-time 		--param large-function-growth=800 --param max-inline-insns-single=3000 		-ffunction-sections -fdata-sections -I/home/forgotfun/project/Myth/shibby_110/release/src-rt/router/zlib conftest.c >&5
configure:4071: $? = 0
configure:4084: result: none needed
configure:4106: checking dependency style of mipsel-uclibc-gcc
configure:4216: result: gcc3
configure:4231: checking for a sed that does not truncate output
configure:4295: result: /bin/sed
configure:4313: checking for grep that handles long lines and -e
configure:4371: result: /bin/grep
configure:4376: checking for egrep
configure:4438: result: /bin/grep -E
configure:4443: checking for fgrep
configure:4505: result: /bin/grep -F
configure:4540: checking for ld used by mipsel-uclibc-gcc
configure:4607: result: mipsel-uclibc-ld
configure:4614: checking if the linker (mipsel-uclibc-ld) is GNU ld
configure:4629: result: yes
configure:4641: checking for BSD- or MS-compatible name lister (nm)
configure:4690: result: mipsel-uclibc-nm
configure:4820: checking the name lister (mipsel-uclibc-nm) interface
configure:4827: mipsel-uclibc-gcc -c -Os -Wall -fno-delete-null-pointer-checks -funit-at-a-time 		--param large-function-growth=800 --param max-inline-insns-single=3000 		-ffunction-sections -fdata-sections -I/home/forgotfun/project/Myth/shibby_110/release/src-rt/router/zlib conftest.c >&5
configure:4830: mipsel-uclibc-nm "conftest.o"
configure:4833: output
00000000 B some_variable
configure:4840: result: BSD nm
configure:4843: checking whether ln -s works
configure:4847: result: yes
configure:4855: checking the maximum length of command line arguments
configure:4986: result: 3458764513820540925
configure:5003: checking whether the shell understands some XSI constructs
configure:5013: result: yes
configure:5017: checking whether the shell understands "+="
configure:5023: result: yes
configure:5058: checking how to convert x86_64-pc-linux-gnu file names to mipsel-unknown-linux-gnu format
configure:5098: result: func_convert_file_noop
configure:5105: checking how to convert x86_64-pc-linux-gnu file names to toolchain format
configure:5125: result: func_convert_file_noop
configure:5132: checking for mipsel-uclibc-ld option to reload object files
configure:5139: result: -r
configure:5173: checking for mipsel-linux-objdump
configure:5189: found /opt/brcm/hndtools-mipsel-linux/bin/mipsel-linux-objdump
configure:5200: result: mipsel-linux-objdump
configure:5272: checking how to recognize dependent libraries
configure:5470: result: pass_all
configure:5515: checking for mipsel-linux-dlltool
configure:5545: result: no
configure:5555: checking for dlltool
configure:5585: result: no
configure:5615: checking how to associate runtime and link libraries
configure:5642: result: printf %s\n
configure:5659: checking for mipsel-linux-ar
configure:5686: result: mipsel-uclibc-ar
configure:5767: checking for archiver @FILE support
configure:5784: mipsel-uclibc-gcc -c -Os -Wall -fno-delete-null-pointer-checks -funit-at-a-time 		--param large-function-growth=800 --param max-inline-insns-single=3000 		-ffunction-sections -fdata-sections -I/home/forgotfun/project/Myth/shibby_110/release/src-rt/router/zlib conftest.c >&5
configure:5784: $? = 0
configure:5787: mipsel-uclibc-ar cru libconftest.a @conftest.lst >&5
configure:5790: $? = 0
configure:5795: mipsel-uclibc-ar cru libconftest.a @conftest.lst >&5
mipsel-uclibc-ar: conftest.o: No such file or directory
configure:5798: $? = 1
configure:5810: result: @
configure:5828: checking for mipsel-linux-strip
configure:5855: result: mipsel-uclibc-strip
configure:5927: checking for mipsel-linux-ranlib
configure:5954: result: mipsel-uclibc-ranlib
configure:6096: checking command to parse mipsel-uclibc-nm output from mipsel-uclibc-gcc object
configure:6216: mipsel-uclibc-gcc -c -Os -Wall -fno-delete-null-pointer-checks -funit-at-a-time 		--param large-function-growth=800 --param max-inline-insns-single=3000 		-ffunction-sections -fdata-sections -I/home/forgotfun/project/Myth/shibby_110/release/src-rt/router/zlib conftest.c >&5
configure:6219: $? = 0
configure:6223: mipsel-uclibc-nm conftest.o \| sed -n -e 's/^.*[ ]\([ABCDGIRSTW][ABCDGIRSTW]*\)[ ][ ]*\([_A-Za-z][_A-Za-z0-9]*\)$/\1 \2 \2/p' | sed '/ __gnu_lto/d' \> conftest.nm
configure:6226: $? = 0
configure:6292: mipsel-uclibc-gcc -o conftest -Os -Wall -fno-delete-null-pointer-checks -funit-at-a-time 		--param large-function-growth=800 --param max-inline-insns-single=3000 		-ffunction-sections -fdata-sections -I/home/forgotfun/project/Myth/shibby_110/release/src-rt/router/zlib -L/home/forgotfun/project/Myth/shibby_110/release/src-rt/router/zlib -ffunction-sections -fdata-sections -Wl,--gc-sections -fPIC conftest.c conftstm.o >&5
configure:6295: $? = 0
configure:6333: result: ok
configure:6370: checking for sysroot
configure:6400: result: no
configure:6623: checking for mipsel-linux-mt
configure:6653: result: no
configure:6663: checking for mt
configure:6679: found /bin/mt
configure:6690: result: mt
configure:6702: WARNING: using cross tools not prefixed with host triplet
configure:6713: checking if mt is a manifest tool
configure:6719: mt '-?'
configure:6727: result: no
configure:7369: checking how to run the C preprocessor
configure:7400: mipsel-uclibc-gcc -E -I/home/forgotfun/project/Myth/shibby_110/release/src-rt/router/zlib conftest.c
configure:7400: $? = 0
configure:7414: mipsel-uclibc-gcc -E -I/home/forgotfun/project/Myth/shibby_110/release/src-rt/router/zlib conftest.c
conftest.c:11:28: error: ac_nonexistent.h: No such file or directory
configure:7414: $? = 1
configure: failed program was:
| /* confdefs.h */
| #define PACKAGE_NAME "transmission"
| #define PACKAGE_TARNAME "transmission"
| #define PACKAGE_VERSION "2.77"
| #define PACKAGE_STRING "transmission 2.77"
| #define PACKAGE_BUGREPORT "http://trac.transmissionbt.com/newticket"
| #define PACKAGE_URL ""
| #define PACKAGE "transmission"
| #define VERSION "2.77"
| /* end confdefs.h.  */
| #include <ac_nonexistent.h>
configure:7439: result: mipsel-uclibc-gcc -E
configure:7459: mipsel-uclibc-gcc -E -I/home/forgotfun/project/Myth/shibby_110/release/src-rt/router/zlib conftest.c
configure:7459: $? = 0
configure:7473: mipsel-uclibc-gcc -E -I/home/forgotfun/project/Myth/shibby_110/release/src-rt/router/zlib conftest.c
conftest.c:11:28: error: ac_nonexistent.h: No such file or directory
configure:7473: $? = 1
configure: failed program was:
| /* confdefs.h */
| #define PACKAGE_NAME "transmission"
| #define PACKAGE_TARNAME "transmission"
| #define PACKAGE_VERSION "2.77"
| #define PACKAGE_STRING "transmission 2.77"
| #define PACKAGE_BUGREPORT "http://trac.transmissionbt.com/newticket"
| #define PACKAGE_URL ""
| #define PACKAGE "transmission"
| #define VERSION "2.77"
| /* end confdefs.h.  */
| #include <ac_nonexistent.h>
configure:7502: checking for ANSI C header files
configure:7522: mipsel-uclibc-gcc -c -Os -Wall -fno-delete-null-pointer-checks -funit-at-a-time 		--param large-function-growth=800 --param max-inline-insns-single=3000 		-ffunction-sections -fdata-sections -I/home/forgotfun/project/Myth/shibby_110/release/src-rt/router/zlib conftest.c >&5
configure:7522: $? = 0
configure:7606: result: yes
configure:7619: checking for sys/types.h
configure:7619: mipsel-uclibc-gcc -c -Os -Wall -fno-delete-null-pointer-checks -funit-at-a-time 		--param large-function-growth=800 --param max-inline-insns-single=3000 		-ffunction-sections -fdata-sections -I/home/forgotfun/project/Myth/shibby_110/release/src-rt/router/zlib conftest.c >&5
configure:7619: $? = 0
configure:7619: result: yes
configure:7619: checking for sys/stat.h
configure:7619: mipsel-uclibc-gcc -c -Os -Wall -fno-delete-null-pointer-checks -funit-at-a-time 		--param large-function-growth=800 --param max-inline-insns-single=3000 		-ffunction-sections -fdata-sections -I/home/forgotfun/project/Myth/shibby_110/release/src-rt/router/zlib conftest.c >&5
configure:7619: $? = 0
configure:7619: result: yes
configure:7619: checking for stdlib.h
configure:7619: mipsel-uclibc-gcc -c -Os -Wall -fno-delete-null-pointer-checks -funit-at-a-time 		--param large-function-growth=800 --param max-inline-insns-single=3000 		-ffunction-sections -fdata-sections -I/home/forgotfun/project/Myth/shibby_110/release/src-rt/router/zlib conftest.c >&5
configure:7619: $? = 0
configure:7619: result: yes
configure:7619: checking for string.h
configure:7619: mipsel-uclibc-gcc -c -Os -Wall -fno-delete-null-pointer-checks -funit-at-a-time 		--param large-function-growth=800 --param max-inline-insns-single=3000 		-ffunction-sections -fdata-sections -I/home/forgotfun/project/Myth/shibby_110/release/src-rt/router/zlib conftest.c >&5
configure:7619: $? = 0
configure:7619: result: yes
configure:7619: checking for memory.h
configure:7619: mipsel-uclibc-gcc -c -Os -Wall -fno-delete-null-pointer-checks -funit-at-a-time 		--param large-function-growth=800 --param max-inline-insns-single=3000 		-ffunction-sections -fdata-sections -I/home/forgotfun/project/Myth/shibby_110/release/src-rt/router/zlib conftest.c >&5
configure:7619: $? = 0
configure:7619: result: yes
configure:7619: checking for strings.h
configure:7619: mipsel-uclibc-gcc -c -Os -Wall -fno-delete-null-pointer-checks -funit-at-a-time 		--param large-function-growth=800 --param max-inline-insns-single=3000 		-ffunction-sections -fdata-sections -I/home/forgotfun/project/Myth/shibby_110/release/src-rt/router/zlib conftest.c >&5
configure:7619: $? = 0
configure:7619: result: yes
configure:7619: checking for inttypes.h
configure:7619: mipsel-uclibc-gcc -c -Os -Wall -fno-delete-null-pointer-checks -funit-at-a-time 		--param large-function-growth=800 --param max-inline-insns-single=3000 		-ffunction-sections -fdata-sections -I/home/forgotfun/project/Myth/shibby_110/release/src-rt/router/zlib conftest.c >&5
configure:7619: $? = 0
configure:7619: result: yes
configure:7619: checking for stdint.h
configure:7619: mipsel-uclibc-gcc -c -Os -Wall -fno-delete-null-pointer-checks -funit-at-a-time 		--param large-function-growth=800 --param max-inline-insns-single=3000 		-ffunction-sections -fdata-sections -I/home/forgotfun/project/Myth/shibby_110/release/src-rt/router/zlib conftest.c >&5
configure:7619: $? = 0
configure:7619: result: yes
configure:7619: checking for unistd.h
configure:7619: mipsel-uclibc-gcc -c -Os -Wall -fno-delete-null-pointer-checks -funit-at-a-time 		--param large-function-growth=800 --param max-inline-insns-single=3000 		-ffunction-sections -fdata-sections -I/home/forgotfun/project/Myth/shibby_110/release/src-rt/router/zlib conftest.c >&5
configure:7619: $? = 0
configure:7619: result: yes
configure:7634: checking for dlfcn.h
configure:7634: mipsel-uclibc-gcc -c -Os -Wall -fno-delete-null-pointer-checks -funit-at-a-time 		--param large-function-growth=800 --param max-inline-insns-single=3000 		-ffunction-sections -fdata-sections -I/home/forgotfun/project/Myth/shibby_110/release/src-rt/router/zlib conftest.c >&5
configure:7634: $? = 0
configure:7634: result: yes
configure:7840: checking for objdir
configure:7855: result: .libs
configure:8126: checking if mipsel-uclibc-gcc supports -fno-rtti -fno-exceptions
configure:8144: mipsel-uclibc-gcc -c -Os -Wall -fno-delete-null-pointer-checks -funit-at-a-time 		--param large-function-growth=800 --param max-inline-insns-single=3000 		-ffunction-sections -fdata-sections -I/home/forgotfun/project/Myth/shibby_110/release/src-rt/router/zlib -fno-rtti -fno-exceptions conftest.c >&5
cc1: warning: command line option "-fno-rtti" is valid for C++/ObjC++ but not for C
configure:8148: $? = 0
configure:8161: result: no
configure:8488: checking for mipsel-uclibc-gcc option to produce PIC
configure:8495: result: -fPIC -DPIC
configure:8503: checking if mipsel-uclibc-gcc PIC flag -fPIC -DPIC works
configure:8521: mipsel-uclibc-gcc -c -Os -Wall -fno-delete-null-pointer-checks -funit-at-a-time 		--param large-function-growth=800 --param max-inline-insns-single=3000 		-ffunction-sections -fdata-sections -I/home/forgotfun/project/Myth/shibby_110/release/src-rt/router/zlib -fPIC -DPIC -DPIC conftest.c >&5
configure:8525: $? = 0
configure:8538: result: yes
configure:8567: checking if mipsel-uclibc-gcc static flag -static works
configure:8595: result: yes
configure:8610: checking if mipsel-uclibc-gcc supports -c -o file.o
configure:8631: mipsel-uclibc-gcc -c -Os -Wall -fno-delete-null-pointer-checks -funit-at-a-time 		--param large-function-growth=800 --param max-inline-insns-single=3000 		-ffunction-sections -fdata-sections -I/home/forgotfun/project/Myth/shibby_110/release/src-rt/router/zlib -o out/conftest2.o conftest.c >&5
configure:8635: $? = 0
configure:8657: result: yes
configure:8665: checking if mipsel-uclibc-gcc supports -c -o file.o
configure:8712: result: yes
configure:8745: checking whether the mipsel-uclibc-gcc linker (mipsel-uclibc-ld) supports shared libraries
configure:9902: result: yes
configure:9939: checking whether -lc should be explicitly linked in
configure:9947: mipsel-uclibc-gcc -c -Os -Wall -fno-delete-null-pointer-checks -funit-at-a-time 		--param large-function-growth=800 --param max-inline-insns-single=3000 		-ffunction-sections -fdata-sections -I/home/forgotfun/project/Myth/shibby_110/release/src-rt/router/zlib conftest.c >&5
configure:9950: $? = 0
configure:9965: mipsel-uclibc-gcc -shared  -fPIC -DPIC conftest.o  -v -Wl,-soname -Wl,conftest -o conftest 2\>\&1 \| /bin/grep  -lc  \>/dev/null 2\>\&1
configure:9968: $? = 0
configure:9982: result: no
configure:10142: checking dynamic linker characteristics
configure:10642: mipsel-uclibc-gcc -o conftest -Os -Wall -fno-delete-null-pointer-checks -funit-at-a-time 		--param large-function-growth=800 --param max-inline-insns-single=3000 		-ffunction-sections -fdata-sections -I/home/forgotfun/project/Myth/shibby_110/release/src-rt/router/zlib -L/home/forgotfun/project/Myth/shibby_110/release/src-rt/router/zlib -ffunction-sections -fdata-sections -Wl,--gc-sections -fPIC -Wl,-rpath -Wl,/foo conftest.c  >&5
configure:10642: $? = 0
configure:10876: result: GNU/Linux ld.so
configure:10983: checking how to hardcode library paths into programs
configure:11008: result: immediate
configure:11548: checking whether stripping libraries is possible
configure:11553: result: yes
configure:11588: checking if libtool supports shared libraries
configure:11590: result: yes
configure:11593: checking whether to build shared libraries
configure:11614: result: yes
configure:11617: checking whether to build static libraries
configure:11621: result: yes
configure:11722: checking for mipsel-linux-gcc
configure:11749: result: mipsel-uclibc-gcc
configure:12018: checking for C compiler version
configure:12027: mipsel-uclibc-gcc --version >&5
mipsel-uclibc-gcc (GCC) 4.2.4
Copyright (C) 2007 Free Software Foundation, Inc.
This is free software; see the source for copying conditions.  There is NO
warranty; not even for MERCHANTABILITY or FITNESS FOR A PARTICULAR PURPOSE.

configure:12038: $? = 0
configure:12027: mipsel-uclibc-gcc -v >&5
Using built-in specs.
Target: mipsel-linux-uclibc
Configured with: /home/shibby/openwrt/tomato.toolchain/t/build_dir/toolchain-mipsel_gcc4.2.4/gcc-4.2.4/configure --prefix=/opt/brcm/hndtools-mipsel-uclibc-4.2.4 --build=x86_64-linux-gnu --host=x86_64-linux-gnu --target=mipsel-linux-uclibc --with-gnu-ld --enable-target-optspace --disable-libgomp --disable-libmudflap --disable-multilib --disable-nls --disable-__cxa_atexit --enable-libssp --enable-languages=c,c++ --enable-shared --enable-threads --enable-tls
Thread model: posix
gcc version 4.2.4
configure:12038: $? = 0
configure:12027: mipsel-uclibc-gcc -V >&5
mipsel-uclibc-gcc: '-V' option must have argument
configure:12038: $? = 1
configure:12027: mipsel-uclibc-gcc -qversion >&5
mipsel-uclibc-gcc: unrecognized option '-qversion'
mipsel-uclibc-gcc: no input files
configure:12038: $? = 1
configure:12042: checking whether we are using the GNU C compiler
configure:12070: result: yes
configure:12079: checking whether mipsel-uclibc-gcc accepts -g
configure:12140: result: yes
configure:12157: checking for mipsel-uclibc-gcc option to accept ISO C89
configure:12234: result: none needed
configure:12256: checking dependency style of mipsel-uclibc-gcc
configure:12366: result: gcc3
configure:12395: checking for mipsel-linux-g++
configure:12411: found /opt/brcm/hndtools-mipsel-linux/bin/mipsel-linux-g++
configure:12422: result: mipsel-linux-g++
configure:12493: checking for C++ compiler version
configure:12502: mipsel-linux-g++ --version >&5
mipsel-linux-g++ (GCC) 4.2.4
Copyright (C) 2007 Free Software Foundation, Inc.
This is free software; see the source for copying conditions.  There is NO
warranty; not even for MERCHANTABILITY or FITNESS FOR A PARTICULAR PURPOSE.

configure:12513: $? = 0
configure:12502: mipsel-linux-g++ -v >&5
Using built-in specs.
Target: mipsel-linux-uclibc
Configured with: /home/shibby/openwrt/tomato.toolchain/t/build_dir/toolchain-mipsel_gcc4.2.4/gcc-4.2.4/configure --prefix=/opt/brcm/hndtools-mipsel-uclibc-4.2.4 --build=x86_64-linux-gnu --host=x86_64-linux-gnu --target=mipsel-linux-uclibc --with-gnu-ld --enable-target-optspace --disable-libgomp --disable-libmudflap --disable-multilib --disable-nls --disable-__cxa_atexit --enable-libssp --enable-languages=c,c++ --enable-shared --enable-threads --enable-tls
Thread model: posix
gcc version 4.2.4
configure:12513: $? = 0
configure:12502: mipsel-linux-g++ -V >&5
mipsel-linux-g++: '-V' option must have argument
configure:12513: $? = 1
configure:12502: mipsel-linux-g++ -qversion >&5
mipsel-linux-g++: unrecognized option '-qversion'
mipsel-linux-g++: no input files
configure:12513: $? = 1
configure:12517: checking whether we are using the GNU C++ compiler
configure:12536: mipsel-linux-g++ -c  -I/home/forgotfun/project/Myth/shibby_110/release/src-rt/router/zlib -DNDEBUG conftest.cpp >&5
configure:12536: $? = 0
configure:12545: result: yes
configure:12554: checking whether mipsel-linux-g++ accepts -g
configure:12574: mipsel-linux-g++ -c -g -I/home/forgotfun/project/Myth/shibby_110/release/src-rt/router/zlib -DNDEBUG conftest.cpp >&5
configure:12574: $? = 0
configure:12615: result: yes
configure:12640: checking dependency style of mipsel-linux-g++
configure:12750: result: gcc3
configure:12783: checking how to run the C++ preprocessor
configure:12810: mipsel-linux-g++ -E -I/home/forgotfun/project/Myth/shibby_110/release/src-rt/router/zlib -DNDEBUG conftest.cpp
configure:12810: $? = 0
configure:12824: mipsel-linux-g++ -E -I/home/forgotfun/project/Myth/shibby_110/release/src-rt/router/zlib -DNDEBUG conftest.cpp
conftest.cpp:23:28: error: ac_nonexistent.h: No such file or directory
configure:12824: $? = 1
configure: failed program was:
| /* confdefs.h */
| #define PACKAGE_NAME "transmission"
| #define PACKAGE_TARNAME "transmission"
| #define PACKAGE_VERSION "2.77"
| #define PACKAGE_STRING "transmission 2.77"
| #define PACKAGE_BUGREPORT "http://trac.transmissionbt.com/newticket"
| #define PACKAGE_URL ""
| #define PACKAGE "transmission"
| #define VERSION "2.77"
| #define STDC_HEADERS 1
| #define HAVE_SYS_TYPES_H 1
| #define HAVE_SYS_STAT_H 1
| #define HAVE_STDLIB_H 1
| #define HAVE_STRING_H 1
| #define HAVE_MEMORY_H 1
| #define HAVE_STRINGS_H 1
| #define HAVE_INTTYPES_H 1
| #define HAVE_STDINT_H 1
| #define HAVE_UNISTD_H 1
| #define HAVE_DLFCN_H 1
| #define LT_OBJDIR ".libs/"
| /* end confdefs.h.  */
| #include <ac_nonexistent.h>
configure:12849: result: mipsel-linux-g++ -E
configure:12869: mipsel-linux-g++ -E -I/home/forgotfun/project/Myth/shibby_110/release/src-rt/router/zlib -DNDEBUG conftest.cpp
configure:12869: $? = 0
configure:12883: mipsel-linux-g++ -E -I/home/forgotfun/project/Myth/shibby_110/release/src-rt/router/zlib -DNDEBUG conftest.cpp
conftest.cpp:23:28: error: ac_nonexistent.h: No such file or directory
configure:12883: $? = 1
configure: failed program was:
| /* confdefs.h */
| #define PACKAGE_NAME "transmission"
| #define PACKAGE_TARNAME "transmission"
| #define PACKAGE_VERSION "2.77"
| #define PACKAGE_STRING "transmission 2.77"
| #define PACKAGE_BUGREPORT "http://trac.transmissionbt.com/newticket"
| #define PACKAGE_URL ""
| #define PACKAGE "transmission"
| #define VERSION "2.77"
| #define STDC_HEADERS 1
| #define HAVE_SYS_TYPES_H 1
| #define HAVE_SYS_STAT_H 1
| #define HAVE_STDLIB_H 1
| #define HAVE_STRING_H 1
| #define HAVE_MEMORY_H 1
| #define HAVE_STRINGS_H 1
| #define HAVE_INTTYPES_H 1
| #define HAVE_STDINT_H 1
| #define HAVE_UNISTD_H 1
| #define HAVE_DLFCN_H 1
| #define LT_OBJDIR ".libs/"
| /* end confdefs.h.  */
| #include <ac_nonexistent.h>
configure:13052: checking for ld used by mipsel-linux-g++
configure:13119: result: mipsel-uclibc-ld
configure:13126: checking if the linker (mipsel-uclibc-ld) is GNU ld
configure:13141: result: yes
configure:13196: checking whether the mipsel-linux-g++ linker (mipsel-uclibc-ld) supports shared libraries
configure:14198: result: yes
configure:14234: mipsel-linux-g++ -c -g -O2 -I/home/forgotfun/project/Myth/shibby_110/release/src-rt/router/zlib -DNDEBUG conftest.cpp >&5
configure:14237: $? = 0
configure:14757: checking for mipsel-linux-g++ option to produce PIC
configure:14764: result: -fPIC -DPIC
configure:14772: checking if mipsel-linux-g++ PIC flag -fPIC -DPIC works
configure:14790: mipsel-linux-g++ -c -g -O2 -I/home/forgotfun/project/Myth/shibby_110/release/src-rt/router/zlib -DNDEBUG -fPIC -DPIC -DPIC conftest.cpp >&5
configure:14794: $? = 0
configure:14807: result: yes
configure:14830: checking if mipsel-linux-g++ static flag -static works
configure:14858: result: yes
configure:14870: checking if mipsel-linux-g++ supports -c -o file.o
configure:14891: mipsel-linux-g++ -c -g -O2 -I/home/forgotfun/project/Myth/shibby_110/release/src-rt/router/zlib -DNDEBUG -o out/conftest2.o conftest.cpp >&5
configure:14895: $? = 0
configure:14917: result: yes
configure:14922: checking if mipsel-linux-g++ supports -c -o file.o
configure:14969: result: yes
configure:14999: checking whether the mipsel-linux-g++ linker (mipsel-uclibc-ld) supports shared libraries
configure:15038: result: yes
configure:15179: checking dynamic linker characteristics
configure:15847: result: GNU/Linux ld.so
configure:15900: checking how to hardcode library paths into programs
configure:15925: result: immediate
configure:15975: checking for mipsel-linux-g++
configure:15991: found /opt/brcm/hndtools-mipsel-linux/bin/mipsel-linux-g++
configure:16003: result: yes
configure:16013: checking for inline
configure:16029: mipsel-uclibc-gcc -c -Os -Wall -fno-delete-null-pointer-checks -funit-at-a-time 		--param large-function-growth=800 --param max-inline-insns-single=3000 		-ffunction-sections -fdata-sections -I/home/forgotfun/project/Myth/shibby_110/release/src-rt/router/zlib -DNDEBUG conftest.c >&5
configure:16029: $? = 0
configure:16037: result: inline
configure:16059: checking gcc version
configure:16066: result: 4.2.4
configure:16076: checking for ANSI C header files
configure:16180: result: yes
configure:16188: checking whether time.h and sys/time.h may both be included
configure:16208: mipsel-uclibc-gcc -c -Os -Wall -fno-delete-null-pointer-checks -funit-at-a-time 		--param large-function-growth=800 --param max-inline-insns-single=3000 		-ffunction-sections -fdata-sections -std=gnu99 -ggdb3 -Wall -W -Wpointer-arith -Wformat-security -Wcast-align -Wundef -Wcast-align -Wstrict-prototypes -Wmissing-declarations -Wmissing-format-attribute -Wredundant-decls -Wnested-externs -Wunused-parameter -Wwrite-strings -Winline -Wfloat-equal -Wextra -Wdeclaration-after-statement -Winit-self -I/home/forgotfun/project/Myth/shibby_110/release/src-rt/router/zlib -DNDEBUG conftest.c >&5
conftest.c:30: warning: function declaration isn't a prototype
configure:16208: $? = 0
configure:16215: result: yes
configure:16226: checking stdbool.h usability
configure:16226: mipsel-uclibc-gcc -c -Os -Wall -fno-delete-null-pointer-checks -funit-at-a-time 		--param large-function-growth=800 --param max-inline-insns-single=3000 		-ffunction-sections -fdata-sections -std=gnu99 -ggdb3 -Wall -W -Wpointer-arith -Wformat-security -Wcast-align -Wundef -Wcast-align -Wstrict-prototypes -Wmissing-declarations -Wmissing-format-attribute -Wredundant-decls -Wnested-externs -Wunused-parameter -Wwrite-strings -Winline -Wfloat-equal -Wextra -Wdeclaration-after-statement -Winit-self -I/home/forgotfun/project/Myth/shibby_110/release/src-rt/router/zlib -DNDEBUG conftest.c >&5
configure:16226: $? = 0
configure:16226: result: yes
configure:16226: checking stdbool.h presence
configure:16226: mipsel-uclibc-gcc -E -I/home/forgotfun/project/Myth/shibby_110/release/src-rt/router/zlib -DNDEBUG conftest.c
configure:16226: $? = 0
configure:16226: result: yes
configure:16226: checking for stdbool.h
configure:16226: result: yes
configure:16239: checking for iconv_open
configure:16239: mipsel-uclibc-gcc -o conftest -Os -Wall -fno-delete-null-pointer-checks -funit-at-a-time 		--param large-function-growth=800 --param max-inline-insns-single=3000 		-ffunction-sections -fdata-sections -std=gnu99 -ggdb3 -Wall -W -Wpointer-arith -Wformat-security -Wcast-align -Wundef -Wcast-align -Wstrict-prototypes -Wmissing-declarations -Wmissing-format-attribute -Wredundant-decls -Wnested-externs -Wunused-parameter -Wwrite-strings -Winline -Wfloat-equal -Wextra -Wdeclaration-after-statement -Winit-self -I/home/forgotfun/project/Myth/shibby_110/release/src-rt/router/zlib -DNDEBUG -L/home/forgotfun/project/Myth/shibby_110/release/src-rt/router/zlib -ffunction-sections -fdata-sections -Wl,--gc-sections -fPIC conftest.c  >&5
conftest.c:49: warning: function declaration isn't a prototype
conftest.c:59: warning: function declaration isn't a prototype
/tmp/ccujxMdF.o: In function `main':
/home/forgotfun/project/NewStageCode/shibby_110/release/src/router/transmission/conftest.c:60: undefined reference to `iconv_open'
collect2: ld returned 1 exit status
configure:16239: $? = 1
configure: failed program was:
| /* confdefs.h */
| #define PACKAGE_NAME "transmission"
| #define PACKAGE_TARNAME "transmission"
| #define PACKAGE_VERSION "2.77"
| #define PACKAGE_STRING "transmission 2.77"
| #define PACKAGE_BUGREPORT "http://trac.transmissionbt.com/newticket"
| #define PACKAGE_URL ""
| #define PACKAGE "transmission"
| #define VERSION "2.77"
| #define STDC_HEADERS 1
| #define HAVE_SYS_TYPES_H 1
| #define HAVE_SYS_STAT_H 1
| #define HAVE_STDLIB_H 1
| #define HAVE_STRING_H 1
| #define HAVE_MEMORY_H 1
| #define HAVE_STRINGS_H 1
| #define HAVE_INTTYPES_H 1
| #define HAVE_STDINT_H 1
| #define HAVE_UNISTD_H 1
| #define HAVE_DLFCN_H 1
| #define LT_OBJDIR ".libs/"
| #define STDC_HEADERS 1
| #define TIME_WITH_SYS_TIME 1
| #define HAVE_STDBOOL_H 1
| /* end confdefs.h.  */
| /* Define iconv_open to an innocuous variant, in case <limits.h> declares iconv_open.
|    For example, HP-UX 11i <limits.h> declares gettimeofday.  */
| #define iconv_open innocuous_iconv_open
| 
| /* System header to define __stub macros and hopefully few prototypes,
|     which can conflict with char iconv_open (); below.
|     Prefer <limits.h> to <assert.h> if __STDC__ is defined, since
|     <limits.h> exists even on freestanding compilers.  */
| 
| #ifdef __STDC__
| # include <limits.h>
| #else
| # include <assert.h>
| #endif
| 
| #undef iconv_open
| 
| /* Override any GCC internal prototype to avoid an error.
|    Use char because int might match the return type of a GCC
|    builtin and then its argument prototype would still apply.  */
| #ifdef __cplusplus
| extern "C"
| #endif
| char iconv_open ();
| /* The GNU C library defines this for functions which it implements
|     to always fail with ENOSYS.  Some functions are actually named
|     something starting with __ and the normal name is an alias.  */
| #if defined __stub_iconv_open || defined __stub___iconv_open
| choke me
| #endif
| 
| int
| main ()
| {
| return iconv_open ();
|   ;
|   return 0;
| }
configure:16239: result: no
configure:16239: checking for pread
configure:16239: mipsel-uclibc-gcc -o conftest -Os -Wall -fno-delete-null-pointer-checks -funit-at-a-time 		--param large-function-growth=800 --param max-inline-insns-single=3000 		-ffunction-sections -fdata-sections -std=gnu99 -ggdb3 -Wall -W -Wpointer-arith -Wformat-security -Wcast-align -Wundef -Wcast-align -Wstrict-prototypes -Wmissing-declarations -Wmissing-format-attribute -Wredundant-decls -Wnested-externs -Wunused-parameter -Wwrite-strings -Winline -Wfloat-equal -Wextra -Wdeclaration-after-statement -Winit-self -I/home/forgotfun/project/Myth/shibby_110/release/src-rt/router/zlib -DNDEBUG -L/home/forgotfun/project/Myth/shibby_110/release/src-rt/router/zlib -ffunction-sections -fdata-sections -Wl,--gc-sections -fPIC conftest.c  >&5
conftest.c:49: warning: function declaration isn't a prototype
conftest.c:59: warning: function declaration isn't a prototype
configure:16239: $? = 0
configure:16239: result: yes
configure:16239: checking for pwrite
configure:16239: mipsel-uclibc-gcc -o conftest -Os -Wall -fno-delete-null-pointer-checks -funit-at-a-time 		--param large-function-growth=800 --param max-inline-insns-single=3000 		-ffunction-sections -fdata-sections -std=gnu99 -ggdb3 -Wall -W -Wpointer-arith -Wformat-security -Wcast-align -Wundef -Wcast-align -Wstrict-prototypes -Wmissing-declarations -Wmissing-format-attribute -Wredundant-decls -Wnested-externs -Wunused-parameter -Wwrite-strings -Winline -Wfloat-equal -Wextra -Wdeclaration-after-statement -Winit-self -I/home/forgotfun/project/Myth/shibby_110/release/src-rt/router/zlib -DNDEBUG -L/home/forgotfun/project/Myth/shibby_110/release/src-rt/router/zlib -ffunction-sections -fdata-sections -Wl,--gc-sections -fPIC conftest.c  >&5
conftest.c:50: warning: function declaration isn't a prototype
conftest.c:60: warning: function declaration isn't a prototype
configure:16239: $? = 0
configure:16239: result: yes
configure:16239: checking for lrintf
configure:16239: mipsel-uclibc-gcc -o conftest -Os -Wall -fno-delete-null-pointer-checks -funit-at-a-time 		--param large-function-growth=800 --param max-inline-insns-single=3000 		-ffunction-sections -fdata-sections -std=gnu99 -ggdb3 -Wall -W -Wpointer-arith -Wformat-security -Wcast-align -Wundef -Wcast-align -Wstrict-prototypes -Wmissing-declarations -Wmissing-format-attribute -Wredundant-decls -Wnested-externs -Wunused-parameter -Wwrite-strings -Winline -Wfloat-equal -Wextra -Wdeclaration-after-statement -Winit-self -I/home/forgotfun/project/Myth/shibby_110/release/src-rt/router/zlib -DNDEBUG -L/home/forgotfun/project/Myth/shibby_110/release/src-rt/router/zlib -ffunction-sections -fdata-sections -Wl,--gc-sections -fPIC conftest.c  >&5
conftest.c:51: warning: function declaration isn't a prototype
conftest.c:51: warning: conflicting types for built-in function 'lrintf'
conftest.c:61: warning: function declaration isn't a prototype
/tmp/ccCPF07U.o: In function `main':
/home/forgotfun/project/NewStageCode/shibby_110/release/src/router/transmission/conftest.c:62: undefined reference to `lrintf'
collect2: ld returned 1 exit status
configure:16239: $? = 1
configure: failed program was:
| /* confdefs.h */
| #define PACKAGE_NAME "transmission"
| #define PACKAGE_TARNAME "transmission"
| #define PACKAGE_VERSION "2.77"
| #define PACKAGE_STRING "transmission 2.77"
| #define PACKAGE_BUGREPORT "http://trac.transmissionbt.com/newticket"
| #define PACKAGE_URL ""
| #define PACKAGE "transmission"
| #define VERSION "2.77"
| #define STDC_HEADERS 1
| #define HAVE_SYS_TYPES_H 1
| #define HAVE_SYS_STAT_H 1
| #define HAVE_STDLIB_H 1
| #define HAVE_STRING_H 1
| #define HAVE_MEMORY_H 1
| #define HAVE_STRINGS_H 1
| #define HAVE_INTTYPES_H 1
| #define HAVE_STDINT_H 1
| #define HAVE_UNISTD_H 1
| #define HAVE_DLFCN_H 1
| #define LT_OBJDIR ".libs/"
| #define STDC_HEADERS 1
| #define TIME_WITH_SYS_TIME 1
| #define HAVE_STDBOOL_H 1
| #define HAVE_PREAD 1
| #define HAVE_PWRITE 1
| /* end confdefs.h.  */
| /* Define lrintf to an innocuous variant, in case <limits.h> declares lrintf.
|    For example, HP-UX 11i <limits.h> declares gettimeofday.  */
| #define lrintf innocuous_lrintf
| 
| /* System header to define __stub macros and hopefully few prototypes,
|     which can conflict with char lrintf (); below.
|     Prefer <limits.h> to <assert.h> if __STDC__ is defined, since
|     <limits.h> exists even on freestanding compilers.  */
| 
| #ifdef __STDC__
| # include <limits.h>
| #else
| # include <assert.h>
| #endif
| 
| #undef lrintf
| 
| /* Override any GCC internal prototype to avoid an error.
|    Use char because int might match the return type of a GCC
|    builtin and then its argument prototype would still apply.  */
| #ifdef __cplusplus
| extern "C"
| #endif
| char lrintf ();
| /* The GNU C library defines this for functions which it implements
|     to always fail with ENOSYS.  Some functions are actually named
|     something starting with __ and the normal name is an alias.  */
| #if defined __stub_lrintf || defined __stub___lrintf
| choke me
| #endif
| 
| int
| main ()
| {
| return lrintf ();
|   ;
|   return 0;
| }
configure:16239: result: no
configure:16239: checking for strlcpy
configure:16239: mipsel-uclibc-gcc -o conftest -Os -Wall -fno-delete-null-pointer-checks -funit-at-a-time 		--param large-function-growth=800 --param max-inline-insns-single=3000 		-ffunction-sections -fdata-sections -std=gnu99 -ggdb3 -Wall -W -Wpointer-arith -Wformat-security -Wcast-align -Wundef -Wcast-align -Wstrict-prototypes -Wmissing-declarations -Wmissing-format-attribute -Wredundant-decls -Wnested-externs -Wunused-parameter -Wwrite-strings -Winline -Wfloat-equal -Wextra -Wdeclaration-after-statement -Winit-self -I/home/forgotfun/project/Myth/shibby_110/release/src-rt/router/zlib -DNDEBUG -L/home/forgotfun/project/Myth/shibby_110/release/src-rt/router/zlib -ffunction-sections -fdata-sections -Wl,--gc-sections -fPIC conftest.c  >&5
conftest.c:51: warning: function declaration isn't a prototype
conftest.c:61: warning: function declaration isn't a prototype
configure:16239: $? = 0
configure:16239: result: yes
configure:16239: checking for daemon
configure:16239: mipsel-uclibc-gcc -o conftest -Os -Wall -fno-delete-null-pointer-checks -funit-at-a-time 		--param large-function-growth=800 --param max-inline-insns-single=3000 		-ffunction-sections -fdata-sections -std=gnu99 -ggdb3 -Wall -W -Wpointer-arith -Wformat-security -Wcast-align -Wundef -Wcast-align -Wstrict-prototypes -Wmissing-declarations -Wmissing-format-attribute -Wredundant-decls -Wnested-externs -Wunused-parameter -Wwrite-strings -Winline -Wfloat-equal -Wextra -Wdeclaration-after-statement -Winit-self -I/home/forgotfun/project/Myth/shibby_110/release/src-rt/router/zlib -DNDEBUG -L/home/forgotfun/project/Myth/shibby_110/release/src-rt/router/zlib -ffunction-sections -fdata-sections -Wl,--gc-sections -fPIC conftest.c  >&5
conftest.c:52: warning: function declaration isn't a prototype
conftest.c:62: warning: function declaration isn't a prototype
configure:16239: $? = 0
configure:16239: result: yes
configure:16239: checking for dirname
configure:16239: mipsel-uclibc-gcc -o conftest -Os -Wall -fno-delete-null-pointer-checks -funit-at-a-time 		--param large-function-growth=800 --param max-inline-insns-single=3000 		-ffunction-sections -fdata-sections -std=gnu99 -ggdb3 -Wall -W -Wpointer-arith -Wformat-security -Wcast-align -Wundef -Wcast-align -Wstrict-prototypes -Wmissing-declarations -Wmissing-format-attribute -Wredundant-decls -Wnested-externs -Wunused-parameter -Wwrite-strings -Winline -Wfloat-equal -Wextra -Wdeclaration-after-statement -Winit-self -I/home/forgotfun/project/Myth/shibby_110/release/src-rt/router/zlib -DNDEBUG -L/home/forgotfun/project/Myth/shibby_110/release/src-rt/router/zlib -ffunction-sections -fdata-sections -Wl,--gc-sections -fPIC conftest.c  >&5
conftest.c:53: warning: function declaration isn't a prototype
conftest.c:63: warning: function declaration isn't a prototype
configure:16239: $? = 0
configure:16239: result: yes
configure:16239: checking for basename
configure:16239: mipsel-uclibc-gcc -o conftest -Os -Wall -fno-delete-null-pointer-checks -funit-at-a-time 		--param large-function-growth=800 --param max-inline-insns-single=3000 		-ffunction-sections -fdata-sections -std=gnu99 -ggdb3 -Wall -W -Wpointer-arith -Wformat-security -Wcast-align -Wundef -Wcast-align -Wstrict-prototypes -Wmissing-declarations -Wmissing-format-attribute -Wredundant-decls -Wnested-externs -Wunused-parameter -Wwrite-strings -Winline -Wfloat-equal -Wextra -Wdeclaration-after-statement -Winit-self -I/home/forgotfun/project/Myth/shibby_110/release/src-rt/router/zlib -DNDEBUG -L/home/forgotfun/project/Myth/shibby_110/release/src-rt/router/zlib -ffunction-sections -fdata-sections -Wl,--gc-sections -fPIC conftest.c  >&5
conftest.c:54: warning: function declaration isn't a prototype
conftest.c:64: warning: function declaration isn't a prototype
configure:16239: $? = 0
configure:16239: result: yes
configure:16239: checking for strcasecmp
configure:16239: mipsel-uclibc-gcc -o conftest -Os -Wall -fno-delete-null-pointer-checks -funit-at-a-time 		--param large-function-growth=800 --param max-inline-insns-single=3000 		-ffunction-sections -fdata-sections -std=gnu99 -ggdb3 -Wall -W -Wpointer-arith -Wformat-security -Wcast-align -Wundef -Wcast-align -Wstrict-prototypes -Wmissing-declarations -Wmissing-format-attribute -Wredundant-decls -Wnested-externs -Wunused-parameter -Wwrite-strings -Winline -Wfloat-equal -Wextra -Wdeclaration-after-statement -Winit-self -I/home/forgotfun/project/Myth/shibby_110/release/src-rt/router/zlib -DNDEBUG -L/home/forgotfun/project/Myth/shibby_110/release/src-rt/router/zlib -ffunction-sections -fdata-sections -Wl,--gc-sections -fPIC conftest.c  >&5
conftest.c:55: warning: function declaration isn't a prototype
conftest.c:55: warning: conflicting types for built-in function 'strcasecmp'
conftest.c:65: warning: function declaration isn't a prototype
configure:16239: $? = 0
configure:16239: result: yes
configure:16239: checking for localtime_r
configure:16239: mipsel-uclibc-gcc -o conftest -Os -Wall -fno-delete-null-pointer-checks -funit-at-a-time 		--param large-function-growth=800 --param max-inline-insns-single=3000 		-ffunction-sections -fdata-sections -std=gnu99 -ggdb3 -Wall -W -Wpointer-arith -Wformat-security -Wcast-align -Wundef -Wcast-align -Wstrict-prototypes -Wmissing-declarations -Wmissing-format-attribute -Wredundant-decls -Wnested-externs -Wunused-parameter -Wwrite-strings -Winline -Wfloat-equal -Wextra -Wdeclaration-after-statement -Winit-self -I/home/forgotfun/project/Myth/shibby_110/release/src-rt/router/zlib -DNDEBUG -L/home/forgotfun/project/Myth/shibby_110/release/src-rt/router/zlib -ffunction-sections -fdata-sections -Wl,--gc-sections -fPIC conftest.c  >&5
conftest.c:56: warning: function declaration isn't a prototype
conftest.c:66: warning: function declaration isn't a prototype
configure:16239: $? = 0
configure:16239: result: yes
configure:16239: checking for fallocate64
configure:16239: mipsel-uclibc-gcc -o conftest -Os -Wall -fno-delete-null-pointer-checks -funit-at-a-time 		--param large-function-growth=800 --param max-inline-insns-single=3000 		-ffunction-sections -fdata-sections -std=gnu99 -ggdb3 -Wall -W -Wpointer-arith -Wformat-security -Wcast-align -Wundef -Wcast-align -Wstrict-prototypes -Wmissing-declarations -Wmissing-format-attribute -Wredundant-decls -Wnested-externs -Wunused-parameter -Wwrite-strings -Winline -Wfloat-equal -Wextra -Wdeclaration-after-statement -Winit-self -I/home/forgotfun/project/Myth/shibby_110/release/src-rt/router/zlib -DNDEBUG -L/home/forgotfun/project/Myth/shibby_110/release/src-rt/router/zlib -ffunction-sections -fdata-sections -Wl,--gc-sections -fPIC conftest.c  >&5
conftest.c:57: warning: function declaration isn't a prototype
conftest.c:67: warning: function declaration isn't a prototype
/tmp/ccY4dYLj.o: In function `main':
/home/forgotfun/project/NewStageCode/shibby_110/release/src/router/transmission/conftest.c:68: undefined reference to `fallocate64'
collect2: ld returned 1 exit status
configure:16239: $? = 1
configure: failed program was:
| /* confdefs.h */
| #define PACKAGE_NAME "transmission"
| #define PACKAGE_TARNAME "transmission"
| #define PACKAGE_VERSION "2.77"
| #define PACKAGE_STRING "transmission 2.77"
| #define PACKAGE_BUGREPORT "http://trac.transmissionbt.com/newticket"
| #define PACKAGE_URL ""
| #define PACKAGE "transmission"
| #define VERSION "2.77"
| #define STDC_HEADERS 1
| #define HAVE_SYS_TYPES_H 1
| #define HAVE_SYS_STAT_H 1
| #define HAVE_STDLIB_H 1
| #define HAVE_STRING_H 1
| #define HAVE_MEMORY_H 1
| #define HAVE_STRINGS_H 1
| #define HAVE_INTTYPES_H 1
| #define HAVE_STDINT_H 1
| #define HAVE_UNISTD_H 1
| #define HAVE_DLFCN_H 1
| #define LT_OBJDIR ".libs/"
| #define STDC_HEADERS 1
| #define TIME_WITH_SYS_TIME 1
| #define HAVE_STDBOOL_H 1
| #define HAVE_PREAD 1
| #define HAVE_PWRITE 1
| #define HAVE_STRLCPY 1
| #define HAVE_DAEMON 1
| #define HAVE_DIRNAME 1
| #define HAVE_BASENAME 1
| #define HAVE_STRCASECMP 1
| #define HAVE_LOCALTIME_R 1
| /* end confdefs.h.  */
| /* Define fallocate64 to an innocuous variant, in case <limits.h> declares fallocate64.
|    For example, HP-UX 11i <limits.h> declares gettimeofday.  */
| #define fallocate64 innocuous_fallocate64
| 
| /* System header to define __stub macros and hopefully few prototypes,
|     which can conflict with char fallocate64 (); below.
|     Prefer <limits.h> to <assert.h> if __STDC__ is defined, since
|     <limits.h> exists even on freestanding compilers.  */
| 
| #ifdef __STDC__
| # include <limits.h>
| #else
| # include <assert.h>
| #endif
| 
| #undef fallocate64
| 
| /* Override any GCC internal prototype to avoid an error.
|    Use char because int might match the return type of a GCC
|    builtin and then its argument prototype would still apply.  */
| #ifdef __cplusplus
| extern "C"
| #endif
| char fallocate64 ();
| /* The GNU C library defines this for functions which it implements
|     to always fail with ENOSYS.  Some functions are actually named
|     something starting with __ and the normal name is an alias.  */
| #if defined __stub_fallocate64 || defined __stub___fallocate64
| choke me
| #endif
| 
| int
| main ()
| {
| return fallocate64 ();
|   ;
|   return 0;
| }
configure:16239: result: no
configure:16239: checking for posix_fallocate
configure:16239: mipsel-uclibc-gcc -o conftest -Os -Wall -fno-delete-null-pointer-checks -funit-at-a-time 		--param large-function-growth=800 --param max-inline-insns-single=3000 		-ffunction-sections -fdata-sections -std=gnu99 -ggdb3 -Wall -W -Wpointer-arith -Wformat-security -Wcast-align -Wundef -Wcast-align -Wstrict-prototypes -Wmissing-declarations -Wmissing-format-attribute -Wredundant-decls -Wnested-externs -Wunused-parameter -Wwrite-strings -Winline -Wfloat-equal -Wextra -Wdeclaration-after-statement -Winit-self -I/home/forgotfun/project/Myth/shibby_110/release/src-rt/router/zlib -DNDEBUG -L/home/forgotfun/project/Myth/shibby_110/release/src-rt/router/zlib -ffunction-sections -fdata-sections -Wl,--gc-sections -fPIC conftest.c  >&5
conftest.c:57: warning: function declaration isn't a prototype
conftest.c:67: warning: function declaration isn't a prototype
/tmp/cckRHomo.o: In function `main':
/home/forgotfun/project/NewStageCode/shibby_110/release/src/router/transmission/conftest.c:68: undefined reference to `posix_fallocate'
collect2: ld returned 1 exit status
configure:16239: $? = 1
configure: failed program was:
| /* confdefs.h */
| #define PACKAGE_NAME "transmission"
| #define PACKAGE_TARNAME "transmission"
| #define PACKAGE_VERSION "2.77"
| #define PACKAGE_STRING "transmission 2.77"
| #define PACKAGE_BUGREPORT "http://trac.transmissionbt.com/newticket"
| #define PACKAGE_URL ""
| #define PACKAGE "transmission"
| #define VERSION "2.77"
| #define STDC_HEADERS 1
| #define HAVE_SYS_TYPES_H 1
| #define HAVE_SYS_STAT_H 1
| #define HAVE_STDLIB_H 1
| #define HAVE_STRING_H 1
| #define HAVE_MEMORY_H 1
| #define HAVE_STRINGS_H 1
| #define HAVE_INTTYPES_H 1
| #define HAVE_STDINT_H 1
| #define HAVE_UNISTD_H 1
| #define HAVE_DLFCN_H 1
| #define LT_OBJDIR ".libs/"
| #define STDC_HEADERS 1
| #define TIME_WITH_SYS_TIME 1
| #define HAVE_STDBOOL_H 1
| #define HAVE_PREAD 1
| #define HAVE_PWRITE 1
| #define HAVE_STRLCPY 1
| #define HAVE_DAEMON 1
| #define HAVE_DIRNAME 1
| #define HAVE_BASENAME 1
| #define HAVE_STRCASECMP 1
| #define HAVE_LOCALTIME_R 1
| /* end confdefs.h.  */
| /* Define posix_fallocate to an innocuous variant, in case <limits.h> declares posix_fallocate.
|    For example, HP-UX 11i <limits.h> declares gettimeofday.  */
| #define posix_fallocate innocuous_posix_fallocate
| 
| /* System header to define __stub macros and hopefully few prototypes,
|     which can conflict with char posix_fallocate (); below.
|     Prefer <limits.h> to <assert.h> if __STDC__ is defined, since
|     <limits.h> exists even on freestanding compilers.  */
| 
| #ifdef __STDC__
| # include <limits.h>
| #else
| # include <assert.h>
| #endif
| 
| #undef posix_fallocate
| 
| /* Override any GCC internal prototype to avoid an error.
|    Use char because int might match the return type of a GCC
|    builtin and then its argument prototype would still apply.  */
| #ifdef __cplusplus
| extern "C"
| #endif
| char posix_fallocate ();
| /* The GNU C library defines this for functions which it implements
|     to always fail with ENOSYS.  Some functions are actually named
|     something starting with __ and the normal name is an alias.  */
| #if defined __stub_posix_fallocate || defined __stub___posix_fallocate
| choke me
| #endif
| 
| int
| main ()
| {
| return posix_fallocate ();
|   ;
|   return 0;
| }
configure:16239: result: no
configure:16239: checking for memmem
configure:16239: mipsel-uclibc-gcc -o conftest -Os -Wall -fno-delete-null-pointer-checks -funit-at-a-time 		--param large-function-growth=800 --param max-inline-insns-single=3000 		-ffunction-sections -fdata-sections -std=gnu99 -ggdb3 -Wall -W -Wpointer-arith -Wformat-security -Wcast-align -Wundef -Wcast-align -Wstrict-prototypes -Wmissing-declarations -Wmissing-format-attribute -Wredundant-decls -Wnested-externs -Wunused-parameter -Wwrite-strings -Winline -Wfloat-equal -Wextra -Wdeclaration-after-statement -Winit-self -I/home/forgotfun/project/Myth/shibby_110/release/src-rt/router/zlib -DNDEBUG -L/home/forgotfun/project/Myth/shibby_110/release/src-rt/router/zlib -ffunction-sections -fdata-sections -Wl,--gc-sections -fPIC conftest.c  >&5
conftest.c:57: warning: function declaration isn't a prototype
conftest.c:67: warning: function declaration isn't a prototype
configure:16239: $? = 0
configure:16239: result: yes
configure:16239: checking for strsep
configure:16239: mipsel-uclibc-gcc -o conftest -Os -Wall -fno-delete-null-pointer-checks -funit-at-a-time 		--param large-function-growth=800 --param max-inline-insns-single=3000 		-ffunction-sections -fdata-sections -std=gnu99 -ggdb3 -Wall -W -Wpointer-arith -Wformat-security -Wcast-align -Wundef -Wcast-align -Wstrict-prototypes -Wmissing-declarations -Wmissing-format-attribute -Wredundant-decls -Wnested-externs -Wunused-parameter -Wwrite-strings -Winline -Wfloat-equal -Wextra -Wdeclaration-after-statement -Winit-self -I/home/forgotfun/project/Myth/shibby_110/release/src-rt/router/zlib -DNDEBUG -L/home/forgotfun/project/Myth/shibby_110/release/src-rt/router/zlib -ffunction-sections -fdata-sections -Wl,--gc-sections -fPIC conftest.c  >&5
conftest.c:58: warning: function declaration isn't a prototype
conftest.c:68: warning: function declaration isn't a prototype
configure:16239: $? = 0
configure:16239: result: yes
configure:16239: checking for strtold
configure:16239: mipsel-uclibc-gcc -o conftest -Os -Wall -fno-delete-null-pointer-checks -funit-at-a-time 		--param large-function-growth=800 --param max-inline-insns-single=3000 		-ffunction-sections -fdata-sections -std=gnu99 -ggdb3 -Wall -W -Wpointer-arith -Wformat-security -Wcast-align -Wundef -Wcast-align -Wstrict-prototypes -Wmissing-declarations -Wmissing-format-attribute -Wredundant-decls -Wnested-externs -Wunused-parameter -Wwrite-strings -Winline -Wfloat-equal -Wextra -Wdeclaration-after-statement -Winit-self -I/home/forgotfun/project/Myth/shibby_110/release/src-rt/router/zlib -DNDEBUG -L/home/forgotfun/project/Myth/shibby_110/release/src-rt/router/zlib -ffunction-sections -fdata-sections -Wl,--gc-sections -fPIC conftest.c  >&5
conftest.c:59: warning: function declaration isn't a prototype
conftest.c:69: warning: function declaration isn't a prototype
configure:16239: $? = 0
configure:16239: result: yes
configure:16239: checking for syslog
configure:16239: mipsel-uclibc-gcc -o conftest -Os -Wall -fno-delete-null-pointer-checks -funit-at-a-time 		--param large-function-growth=800 --param max-inline-insns-single=3000 		-ffunction-sections -fdata-sections -std=gnu99 -ggdb3 -Wall -W -Wpointer-arith -Wformat-security -Wcast-align -Wundef -Wcast-align -Wstrict-prototypes -Wmissing-declarations -Wmissing-format-attribute -Wredundant-decls -Wnested-externs -Wunused-parameter -Wwrite-strings -Winline -Wfloat-equal -Wextra -Wdeclaration-after-statement -Winit-self -I/home/forgotfun/project/Myth/shibby_110/release/src-rt/router/zlib -DNDEBUG -L/home/forgotfun/project/Myth/shibby_110/release/src-rt/router/zlib -ffunction-sections -fdata-sections -Wl,--gc-sections -fPIC conftest.c  >&5
conftest.c:60: warning: function declaration isn't a prototype
conftest.c:70: warning: function declaration isn't a prototype
configure:16239: $? = 0
configure:16239: result: yes
configure:16239: checking for valloc
configure:16239: mipsel-uclibc-gcc -o conftest -Os -Wall -fno-delete-null-pointer-checks -funit-at-a-time 		--param large-function-growth=800 --param max-inline-insns-single=3000 		-ffunction-sections -fdata-sections -std=gnu99 -ggdb3 -Wall -W -Wpointer-arith -Wformat-security -Wcast-align -Wundef -Wcast-align -Wstrict-prototypes -Wmissing-declarations -Wmissing-format-attribute -Wredundant-decls -Wnested-externs -Wunused-parameter -Wwrite-strings -Winline -Wfloat-equal -Wextra -Wdeclaration-after-statement -Winit-self -I/home/forgotfun/project/Myth/shibby_110/release/src-rt/router/zlib -DNDEBUG -L/home/forgotfun/project/Myth/shibby_110/release/src-rt/router/zlib -ffunction-sections -fdata-sections -Wl,--gc-sections -fPIC conftest.c  >&5
conftest.c:61: warning: function declaration isn't a prototype
conftest.c:71: warning: function declaration isn't a prototype
configure:16239: $? = 0
configure:16239: result: yes
configure:16239: checking for getpagesize
configure:16239: mipsel-uclibc-gcc -o conftest -Os -Wall -fno-delete-null-pointer-checks -funit-at-a-time 		--param large-function-growth=800 --param max-inline-insns-single=3000 		-ffunction-sections -fdata-sections -std=gnu99 -ggdb3 -Wall -W -Wpointer-arith -Wformat-security -Wcast-align -Wundef -Wcast-align -Wstrict-prototypes -Wmissing-declarations -Wmissing-format-attribute -Wredundant-decls -Wnested-externs -Wunused-parameter -Wwrite-strings -Winline -Wfloat-equal -Wextra -Wdeclaration-after-statement -Winit-self -I/home/forgotfun/project/Myth/shibby_110/release/src-rt/router/zlib -DNDEBUG -L/home/forgotfun/project/Myth/shibby_110/release/src-rt/router/zlib -ffunction-sections -fdata-sections -Wl,--gc-sections -fPIC conftest.c  >&5
conftest.c:62: warning: function declaration isn't a prototype
conftest.c:72: warning: function declaration isn't a prototype
configure:16239: $? = 0
configure:16239: result: yes
configure:16239: checking for posix_memalign
configure:16239: mipsel-uclibc-gcc -o conftest -Os -Wall -fno-delete-null-pointer-checks -funit-at-a-time 		--param large-function-growth=800 --param max-inline-insns-single=3000 		-ffunction-sections -fdata-sections -std=gnu99 -ggdb3 -Wall -W -Wpointer-arith -Wformat-security -Wcast-align -Wundef -Wcast-align -Wstrict-prototypes -Wmissing-declarations -Wmissing-format-attribute -Wredundant-decls -Wnested-externs -Wunused-parameter -Wwrite-strings -Winline -Wfloat-equal -Wextra -Wdeclaration-after-statement -Winit-self -I/home/forgotfun/project/Myth/shibby_110/release/src-rt/router/zlib -DNDEBUG -L/home/forgotfun/project/Myth/shibby_110/release/src-rt/router/zlib -ffunction-sections -fdata-sections -Wl,--gc-sections -fPIC conftest.c  >&5
conftest.c:63: warning: function declaration isn't a prototype
conftest.c:73: warning: function declaration isn't a prototype
/tmp/cceFbYOT.o: In function `main':
/home/forgotfun/project/NewStageCode/shibby_110/release/src/router/transmission/conftest.c:74: undefined reference to `posix_memalign'
collect2: ld returned 1 exit status
configure:16239: $? = 1
configure: failed program was:
| /* confdefs.h */
| #define PACKAGE_NAME "transmission"
| #define PACKAGE_TARNAME "transmission"
| #define PACKAGE_VERSION "2.77"
| #define PACKAGE_STRING "transmission 2.77"
| #define PACKAGE_BUGREPORT "http://trac.transmissionbt.com/newticket"
| #define PACKAGE_URL ""
| #define PACKAGE "transmission"
| #define VERSION "2.77"
| #define STDC_HEADERS 1
| #define HAVE_SYS_TYPES_H 1
| #define HAVE_SYS_STAT_H 1
| #define HAVE_STDLIB_H 1
| #define HAVE_STRING_H 1
| #define HAVE_MEMORY_H 1
| #define HAVE_STRINGS_H 1
| #define HAVE_INTTYPES_H 1
| #define HAVE_STDINT_H 1
| #define HAVE_UNISTD_H 1
| #define HAVE_DLFCN_H 1
| #define LT_OBJDIR ".libs/"
| #define STDC_HEADERS 1
| #define TIME_WITH_SYS_TIME 1
| #define HAVE_STDBOOL_H 1
| #define HAVE_PREAD 1
| #define HAVE_PWRITE 1
| #define HAVE_STRLCPY 1
| #define HAVE_DAEMON 1
| #define HAVE_DIRNAME 1
| #define HAVE_BASENAME 1
| #define HAVE_STRCASECMP 1
| #define HAVE_LOCALTIME_R 1
| #define HAVE_MEMMEM 1
| #define HAVE_STRSEP 1
| #define HAVE_STRTOLD 1
| #define HAVE_SYSLOG 1
| #define HAVE_VALLOC 1
| #define HAVE_GETPAGESIZE 1
| /* end confdefs.h.  */
| /* Define posix_memalign to an innocuous variant, in case <limits.h> declares posix_memalign.
|    For example, HP-UX 11i <limits.h> declares gettimeofday.  */
| #define posix_memalign innocuous_posix_memalign
| 
| /* System header to define __stub macros and hopefully few prototypes,
|     which can conflict with char posix_memalign (); below.
|     Prefer <limits.h> to <assert.h> if __STDC__ is defined, since
|     <limits.h> exists even on freestanding compilers.  */
| 
| #ifdef __STDC__
| # include <limits.h>
| #else
| # include <assert.h>
| #endif
| 
| #undef posix_memalign
| 
| /* Override any GCC internal prototype to avoid an error.
|    Use char because int might match the return type of a GCC
|    builtin and then its argument prototype would still apply.  */
| #ifdef __cplusplus
| extern "C"
| #endif
| char posix_memalign ();
| /* The GNU C library defines this for functions which it implements
|     to always fail with ENOSYS.  Some functions are actually named
|     something starting with __ and the normal name is an alias.  */
| #if defined __stub_posix_memalign || defined __stub___posix_memalign
| choke me
| #endif
| 
| int
| main ()
| {
| return posix_memalign ();
|   ;
|   return 0;
| }
configure:16239: result: no
configure:16239: checking for statvfs
configure:16239: mipsel-uclibc-gcc -o conftest -Os -Wall -fno-delete-null-pointer-checks -funit-at-a-time 		--param large-function-growth=800 --param max-inline-insns-single=3000 		-ffunction-sections -fdata-sections -std=gnu99 -ggdb3 -Wall -W -Wpointer-arith -Wformat-security -Wcast-align -Wundef -Wcast-align -Wstrict-prototypes -Wmissing-declarations -Wmissing-format-attribute -Wredundant-decls -Wnested-externs -Wunused-parameter -Wwrite-strings -Winline -Wfloat-equal -Wextra -Wdeclaration-after-statement -Winit-self -I/home/forgotfun/project/Myth/shibby_110/release/src-rt/router/zlib -DNDEBUG -L/home/forgotfun/project/Myth/shibby_110/release/src-rt/router/zlib -ffunction-sections -fdata-sections -Wl,--gc-sections -fPIC conftest.c  >&5
conftest.c:63: warning: function declaration isn't a prototype
conftest.c:73: warning: function declaration isn't a prototype
configure:16239: $? = 0
configure:16239: result: yes
configure:16239: checking for htonll
configure:16239: mipsel-uclibc-gcc -o conftest -Os -Wall -fno-delete-null-pointer-checks -funit-at-a-time 		--param large-function-growth=800 --param max-inline-insns-single=3000 		-ffunction-sections -fdata-sections -std=gnu99 -ggdb3 -Wall -W -Wpointer-arith -Wformat-security -Wcast-align -Wundef -Wcast-align -Wstrict-prototypes -Wmissing-declarations -Wmissing-format-attribute -Wredundant-decls -Wnested-externs -Wunused-parameter -Wwrite-strings -Winline -Wfloat-equal -Wextra -Wdeclaration-after-statement -Winit-self -I/home/forgotfun/project/Myth/shibby_110/release/src-rt/router/zlib -DNDEBUG -L/home/forgotfun/project/Myth/shibby_110/release/src-rt/router/zlib -ffunction-sections -fdata-sections -Wl,--gc-sections -fPIC conftest.c  >&5
conftest.c:64: warning: function declaration isn't a prototype
conftest.c:74: warning: function declaration isn't a prototype
/tmp/ccfTiam4.o: In function `main':
/home/forgotfun/project/NewStageCode/shibby_110/release/src/router/transmission/conftest.c:75: undefined reference to `htonll'
collect2: ld returned 1 exit status
configure:16239: $? = 1
configure: failed program was:
| /* confdefs.h */
| #define PACKAGE_NAME "transmission"
| #define PACKAGE_TARNAME "transmission"
| #define PACKAGE_VERSION "2.77"
| #define PACKAGE_STRING "transmission 2.77"
| #define PACKAGE_BUGREPORT "http://trac.transmissionbt.com/newticket"
| #define PACKAGE_URL ""
| #define PACKAGE "transmission"
| #define VERSION "2.77"
| #define STDC_HEADERS 1
| #define HAVE_SYS_TYPES_H 1
| #define HAVE_SYS_STAT_H 1
| #define HAVE_STDLIB_H 1
| #define HAVE_STRING_H 1
| #define HAVE_MEMORY_H 1
| #define HAVE_STRINGS_H 1
| #define HAVE_INTTYPES_H 1
| #define HAVE_STDINT_H 1
| #define HAVE_UNISTD_H 1
| #define HAVE_DLFCN_H 1
| #define LT_OBJDIR ".libs/"
| #define STDC_HEADERS 1
| #define TIME_WITH_SYS_TIME 1
| #define HAVE_STDBOOL_H 1
| #define HAVE_PREAD 1
| #define HAVE_PWRITE 1
| #define HAVE_STRLCPY 1
| #define HAVE_DAEMON 1
| #define HAVE_DIRNAME 1
| #define HAVE_BASENAME 1
| #define HAVE_STRCASECMP 1
| #define HAVE_LOCALTIME_R 1
| #define HAVE_MEMMEM 1
| #define HAVE_STRSEP 1
| #define HAVE_STRTOLD 1
| #define HAVE_SYSLOG 1
| #define HAVE_VALLOC 1
| #define HAVE_GETPAGESIZE 1
| #define HAVE_STATVFS 1
| /* end confdefs.h.  */
| /* Define htonll to an innocuous variant, in case <limits.h> declares htonll.
|    For example, HP-UX 11i <limits.h> declares gettimeofday.  */
| #define htonll innocuous_htonll
| 
| /* System header to define __stub macros and hopefully few prototypes,
|     which can conflict with char htonll (); below.
|     Prefer <limits.h> to <assert.h> if __STDC__ is defined, since
|     <limits.h> exists even on freestanding compilers.  */
| 
| #ifdef __STDC__
| # include <limits.h>
| #else
| # include <assert.h>
| #endif
| 
| #undef htonll
| 
| /* Override any GCC internal prototype to avoid an error.
|    Use char because int might match the return type of a GCC
|    builtin and then its argument prototype would still apply.  */
| #ifdef __cplusplus
| extern "C"
| #endif
| char htonll ();
| /* The GNU C library defines this for functions which it implements
|     to always fail with ENOSYS.  Some functions are actually named
|     something starting with __ and the normal name is an alias.  */
| #if defined __stub_htonll || defined __stub___htonll
| choke me
| #endif
| 
| int
| main ()
| {
| return htonll ();
|   ;
|   return 0;
| }
configure:16239: result: no
configure:16239: checking for ntohll
configure:16239: mipsel-uclibc-gcc -o conftest -Os -Wall -fno-delete-null-pointer-checks -funit-at-a-time 		--param large-function-growth=800 --param max-inline-insns-single=3000 		-ffunction-sections -fdata-sections -std=gnu99 -ggdb3 -Wall -W -Wpointer-arith -Wformat-security -Wcast-align -Wundef -Wcast-align -Wstrict-prototypes -Wmissing-declarations -Wmissing-format-attribute -Wredundant-decls -Wnested-externs -Wunused-parameter -Wwrite-strings -Winline -Wfloat-equal -Wextra -Wdeclaration-after-statement -Winit-self -I/home/forgotfun/project/Myth/shibby_110/release/src-rt/router/zlib -DNDEBUG -L/home/forgotfun/project/Myth/shibby_110/release/src-rt/router/zlib -ffunction-sections -fdata-sections -Wl,--gc-sections -fPIC conftest.c  >&5
conftest.c:64: warning: function declaration isn't a prototype
conftest.c:74: warning: function declaration isn't a prototype
/tmp/cchK8nia.o: In function `main':
/home/forgotfun/project/NewStageCode/shibby_110/release/src/router/transmission/conftest.c:75: undefined reference to `ntohll'
collect2: ld returned 1 exit status
configure:16239: $? = 1
configure: failed program was:
| /* confdefs.h */
| #define PACKAGE_NAME "transmission"
| #define PACKAGE_TARNAME "transmission"
| #define PACKAGE_VERSION "2.77"
| #define PACKAGE_STRING "transmission 2.77"
| #define PACKAGE_BUGREPORT "http://trac.transmissionbt.com/newticket"
| #define PACKAGE_URL ""
| #define PACKAGE "transmission"
| #define VERSION "2.77"
| #define STDC_HEADERS 1
| #define HAVE_SYS_TYPES_H 1
| #define HAVE_SYS_STAT_H 1
| #define HAVE_STDLIB_H 1
| #define HAVE_STRING_H 1
| #define HAVE_MEMORY_H 1
| #define HAVE_STRINGS_H 1
| #define HAVE_INTTYPES_H 1
| #define HAVE_STDINT_H 1
| #define HAVE_UNISTD_H 1
| #define HAVE_DLFCN_H 1
| #define LT_OBJDIR ".libs/"
| #define STDC_HEADERS 1
| #define TIME_WITH_SYS_TIME 1
| #define HAVE_STDBOOL_H 1
| #define HAVE_PREAD 1
| #define HAVE_PWRITE 1
| #define HAVE_STRLCPY 1
| #define HAVE_DAEMON 1
| #define HAVE_DIRNAME 1
| #define HAVE_BASENAME 1
| #define HAVE_STRCASECMP 1
| #define HAVE_LOCALTIME_R 1
| #define HAVE_MEMMEM 1
| #define HAVE_STRSEP 1
| #define HAVE_STRTOLD 1
| #define HAVE_SYSLOG 1
| #define HAVE_VALLOC 1
| #define HAVE_GETPAGESIZE 1
| #define HAVE_STATVFS 1
| /* end confdefs.h.  */
| /* Define ntohll to an innocuous variant, in case <limits.h> declares ntohll.
|    For example, HP-UX 11i <limits.h> declares gettimeofday.  */
| #define ntohll innocuous_ntohll
| 
| /* System header to define __stub macros and hopefully few prototypes,
|     which can conflict with char ntohll (); below.
|     Prefer <limits.h> to <assert.h> if __STDC__ is defined, since
|     <limits.h> exists even on freestanding compilers.  */
| 
| #ifdef __STDC__
| # include <limits.h>
| #else
| # include <assert.h>
| #endif
| 
| #undef ntohll
| 
| /* Override any GCC internal prototype to avoid an error.
|    Use char because int might match the return type of a GCC
|    builtin and then its argument prototype would still apply.  */
| #ifdef __cplusplus
| extern "C"
| #endif
| char ntohll ();
| /* The GNU C library defines this for functions which it implements
|     to always fail with ENOSYS.  Some functions are actually named
|     something starting with __ and the normal name is an alias.  */
| #if defined __stub_ntohll || defined __stub___ntohll
| choke me
| #endif
| 
| int
| main ()
| {
| return ntohll ();
|   ;
|   return 0;
| }
configure:16239: result: no
configure:16239: checking for mkdtemp
configure:16239: mipsel-uclibc-gcc -o conftest -Os -Wall -fno-delete-null-pointer-checks -funit-at-a-time 		--param large-function-growth=800 --param max-inline-insns-single=3000 		-ffunction-sections -fdata-sections -std=gnu99 -ggdb3 -Wall -W -Wpointer-arith -Wformat-security -Wcast-align -Wundef -Wcast-align -Wstrict-prototypes -Wmissing-declarations -Wmissing-format-attribute -Wredundant-decls -Wnested-externs -Wunused-parameter -Wwrite-strings -Winline -Wfloat-equal -Wextra -Wdeclaration-after-statement -Winit-self -I/home/forgotfun/project/Myth/shibby_110/release/src-rt/router/zlib -DNDEBUG -L/home/forgotfun/project/Myth/shibby_110/release/src-rt/router/zlib -ffunction-sections -fdata-sections -Wl,--gc-sections -fPIC conftest.c  >&5
conftest.c:64: warning: function declaration isn't a prototype
conftest.c:74: warning: function declaration isn't a prototype
configure:16239: $? = 0
configure:16239: result: yes
configure:16250: checking whether make sets $(MAKE)
configure:16272: result: yes
configure:16446: checking for the pthreads library -lpthreads
configure:16479: mipsel-uclibc-gcc -o conftest -Os -Wall -fno-delete-null-pointer-checks -funit-at-a-time 		--param large-function-growth=800 --param max-inline-insns-single=3000 		-ffunction-sections -fdata-sections -std=gnu99 -ggdb3 -Wall -W -Wpointer-arith -Wformat-security -Wcast-align -Wundef -Wcast-align -Wstrict-prototypes -Wmissing-declarations -Wmissing-format-attribute -Wredundant-decls -Wnested-externs -Wunused-parameter -Wwrite-strings -Winline -Wfloat-equal -Wextra -Wdeclaration-after-statement -Winit-self  -I/home/forgotfun/project/Myth/shibby_110/release/src-rt/router/zlib -DNDEBUG -L/home/forgotfun/project/Myth/shibby_110/release/src-rt/router/zlib -ffunction-sections -fdata-sections -Wl,--gc-sections -fPIC conftest.c -lpthreads  >&5
conftest.c:45: warning: function declaration isn't a prototype
conftest.c: In function 'main':
conftest.c:46: warning: 'th' is used uninitialized in this function
/opt/brcm/K26/hndtools-mipsel-uclibc-4.2.4/bin/../lib/gcc/mipsel-linux-uclibc/4.2.4/../../../../mipsel-linux-uclibc/bin/ld: cannot find -lpthreads
collect2: ld returned 1 exit status
configure:16479: $? = 1
configure: failed program was:
| /* confdefs.h */
| #define PACKAGE_NAME "transmission"
| #define PACKAGE_TARNAME "transmission"
| #define PACKAGE_VERSION "2.77"
| #define PACKAGE_STRING "transmission 2.77"
| #define PACKAGE_BUGREPORT "http://trac.transmissionbt.com/newticket"
| #define PACKAGE_URL ""
| #define PACKAGE "transmission"
| #define VERSION "2.77"
| #define STDC_HEADERS 1
| #define HAVE_SYS_TYPES_H 1
| #define HAVE_SYS_STAT_H 1
| #define HAVE_STDLIB_H 1
| #define HAVE_STRING_H 1
| #define HAVE_MEMORY_H 1
| #define HAVE_STRINGS_H 1
| #define HAVE_INTTYPES_H 1
| #define HAVE_STDINT_H 1
| #define HAVE_UNISTD_H 1
| #define HAVE_DLFCN_H 1
| #define LT_OBJDIR ".libs/"
| #define STDC_HEADERS 1
| #define TIME_WITH_SYS_TIME 1
| #define HAVE_STDBOOL_H 1
| #define HAVE_PREAD 1
| #define HAVE_PWRITE 1
| #define HAVE_STRLCPY 1
| #define HAVE_DAEMON 1
| #define HAVE_DIRNAME 1
| #define HAVE_BASENAME 1
| #define HAVE_STRCASECMP 1
| #define HAVE_LOCALTIME_R 1
| #define HAVE_MEMMEM 1
| #define HAVE_STRSEP 1
| #define HAVE_STRTOLD 1
| #define HAVE_SYSLOG 1
| #define HAVE_VALLOC 1
| #define HAVE_GETPAGESIZE 1
| #define HAVE_STATVFS 1
| #define HAVE_MKDTEMP 1
| /* end confdefs.h.  */
| #include <pthread.h>
| int
| main ()
| {
| pthread_t th; pthread_join(th, 0);
|                      pthread_attr_init(0); pthread_cleanup_push(0, 0);
|                      pthread_create(0,0,0,0); pthread_cleanup_pop(0);
|   ;
|   return 0;
| }
configure:16488: result: no
configure:16391: checking whether pthreads work without any flags
configure:16479: mipsel-uclibc-gcc -o conftest -Os -Wall -fno-delete-null-pointer-checks -funit-at-a-time 		--param large-function-growth=800 --param max-inline-insns-single=3000 		-ffunction-sections -fdata-sections -std=gnu99 -ggdb3 -Wall -W -Wpointer-arith -Wformat-security -Wcast-align -Wundef -Wcast-align -Wstrict-prototypes -Wmissing-declarations -Wmissing-format-attribute -Wredundant-decls -Wnested-externs -Wunused-parameter -Wwrite-strings -Winline -Wfloat-equal -Wextra -Wdeclaration-after-statement -Winit-self  -I/home/forgotfun/project/Myth/shibby_110/release/src-rt/router/zlib -DNDEBUG -L/home/forgotfun/project/Myth/shibby_110/release/src-rt/router/zlib -ffunction-sections -fdata-sections -Wl,--gc-sections -fPIC conftest.c   >&5
conftest.c:45: warning: function declaration isn't a prototype
conftest.c: In function 'main':
conftest.c:46: warning: 'th' is used uninitialized in this function
/tmp/ccgnnoXl.o: In function `main':
/home/forgotfun/project/NewStageCode/shibby_110/release/src/router/transmission/conftest.c:46: undefined reference to `pthread_join'
/home/forgotfun/project/NewStageCode/shibby_110/release/src/router/transmission/conftest.c:48: undefined reference to `pthread_create'
collect2: ld returned 1 exit status
configure:16479: $? = 1
configure: failed program was:
| /* confdefs.h */
| #define PACKAGE_NAME "transmission"
| #define PACKAGE_TARNAME "transmission"
| #define PACKAGE_VERSION "2.77"
| #define PACKAGE_STRING "transmission 2.77"
| #define PACKAGE_BUGREPORT "http://trac.transmissionbt.com/newticket"
| #define PACKAGE_URL ""
| #define PACKAGE "transmission"
| #define VERSION "2.77"
| #define STDC_HEADERS 1
| #define HAVE_SYS_TYPES_H 1
| #define HAVE_SYS_STAT_H 1
| #define HAVE_STDLIB_H 1
| #define HAVE_STRING_H 1
| #define HAVE_MEMORY_H 1
| #define HAVE_STRINGS_H 1
| #define HAVE_INTTYPES_H 1
| #define HAVE_STDINT_H 1
| #define HAVE_UNISTD_H 1
| #define HAVE_DLFCN_H 1
| #define LT_OBJDIR ".libs/"
| #define STDC_HEADERS 1
| #define TIME_WITH_SYS_TIME 1
| #define HAVE_STDBOOL_H 1
| #define HAVE_PREAD 1
| #define HAVE_PWRITE 1
| #define HAVE_STRLCPY 1
| #define HAVE_DAEMON 1
| #define HAVE_DIRNAME 1
| #define HAVE_BASENAME 1
| #define HAVE_STRCASECMP 1
| #define HAVE_LOCALTIME_R 1
| #define HAVE_MEMMEM 1
| #define HAVE_STRSEP 1
| #define HAVE_STRTOLD 1
| #define HAVE_SYSLOG 1
| #define HAVE_VALLOC 1
| #define HAVE_GETPAGESIZE 1
| #define HAVE_STATVFS 1
| #define HAVE_MKDTEMP 1
| /* end confdefs.h.  */
| #include <pthread.h>
| int
| main ()
| {
| pthread_t th; pthread_join(th, 0);
|                      pthread_attr_init(0); pthread_cleanup_push(0, 0);
|                      pthread_create(0,0,0,0); pthread_cleanup_pop(0);
|   ;
|   return 0;
| }
configure:16488: result: no
configure:16396: checking whether pthreads work with -Kthread
configure:16479: mipsel-uclibc-gcc -o conftest -Os -Wall -fno-delete-null-pointer-checks -funit-at-a-time 		--param large-function-growth=800 --param max-inline-insns-single=3000 		-ffunction-sections -fdata-sections -std=gnu99 -ggdb3 -Wall -W -Wpointer-arith -Wformat-security -Wcast-align -Wundef -Wcast-align -Wstrict-prototypes -Wmissing-declarations -Wmissing-format-attribute -Wredundant-decls -Wnested-externs -Wunused-parameter -Wwrite-strings -Winline -Wfloat-equal -Wextra -Wdeclaration-after-statement -Winit-self -Kthread -I/home/forgotfun/project/Myth/shibby_110/release/src-rt/router/zlib -DNDEBUG -L/home/forgotfun/project/Myth/shibby_110/release/src-rt/router/zlib -ffunction-sections -fdata-sections -Wl,--gc-sections -fPIC conftest.c   >&5
mipsel-uclibc-gcc: unrecognized option '-Kthread'
conftest.c:45: warning: function declaration isn't a prototype
conftest.c: In function 'main':
conftest.c:46: warning: 'th' is used uninitialized in this function
/tmp/cctbY1Vr.o: In function `main':
/home/forgotfun/project/NewStageCode/shibby_110/release/src/router/transmission/conftest.c:46: undefined reference to `pthread_join'
/home/forgotfun/project/NewStageCode/shibby_110/release/src/router/transmission/conftest.c:48: undefined reference to `pthread_create'
collect2: ld returned 1 exit status
configure:16479: $? = 1
configure: failed program was:
| /* confdefs.h */
| #define PACKAGE_NAME "transmission"
| #define PACKAGE_TARNAME "transmission"
| #define PACKAGE_VERSION "2.77"
| #define PACKAGE_STRING "transmission 2.77"
| #define PACKAGE_BUGREPORT "http://trac.transmissionbt.com/newticket"
| #define PACKAGE_URL ""
| #define PACKAGE "transmission"
| #define VERSION "2.77"
| #define STDC_HEADERS 1
| #define HAVE_SYS_TYPES_H 1
| #define HAVE_SYS_STAT_H 1
| #define HAVE_STDLIB_H 1
| #define HAVE_STRING_H 1
| #define HAVE_MEMORY_H 1
| #define HAVE_STRINGS_H 1
| #define HAVE_INTTYPES_H 1
| #define HAVE_STDINT_H 1
| #define HAVE_UNISTD_H 1
| #define HAVE_DLFCN_H 1
| #define LT_OBJDIR ".libs/"
| #define STDC_HEADERS 1
| #define TIME_WITH_SYS_TIME 1
| #define HAVE_STDBOOL_H 1
| #define HAVE_PREAD 1
| #define HAVE_PWRITE 1
| #define HAVE_STRLCPY 1
| #define HAVE_DAEMON 1
| #define HAVE_DIRNAME 1
| #define HAVE_BASENAME 1
| #define HAVE_STRCASECMP 1
| #define HAVE_LOCALTIME_R 1
| #define HAVE_MEMMEM 1
| #define HAVE_STRSEP 1
| #define HAVE_STRTOLD 1
| #define HAVE_SYSLOG 1
| #define HAVE_VALLOC 1
| #define HAVE_GETPAGESIZE 1
| #define HAVE_STATVFS 1
| #define HAVE_MKDTEMP 1
| /* end confdefs.h.  */
| #include <pthread.h>
| int
| main ()
| {
| pthread_t th; pthread_join(th, 0);
|                      pthread_attr_init(0); pthread_cleanup_push(0, 0);
|                      pthread_create(0,0,0,0); pthread_cleanup_pop(0);
|   ;
|   return 0;
| }
configure:16488: result: no
configure:16396: checking whether pthreads work with -kthread
configure:16479: mipsel-uclibc-gcc -o conftest -Os -Wall -fno-delete-null-pointer-checks -funit-at-a-time 		--param large-function-growth=800 --param max-inline-insns-single=3000 		-ffunction-sections -fdata-sections -std=gnu99 -ggdb3 -Wall -W -Wpointer-arith -Wformat-security -Wcast-align -Wundef -Wcast-align -Wstrict-prototypes -Wmissing-declarations -Wmissing-format-attribute -Wredundant-decls -Wnested-externs -Wunused-parameter -Wwrite-strings -Winline -Wfloat-equal -Wextra -Wdeclaration-after-statement -Winit-self -kthread -I/home/forgotfun/project/Myth/shibby_110/release/src-rt/router/zlib -DNDEBUG -L/home/forgotfun/project/Myth/shibby_110/release/src-rt/router/zlib -ffunction-sections -fdata-sections -Wl,--gc-sections -fPIC conftest.c   >&5
mipsel-uclibc-gcc: unrecognized option '-kthread'
conftest.c:45: warning: function declaration isn't a prototype
conftest.c: In function 'main':
conftest.c:46: warning: 'th' is used uninitialized in this function
/tmp/ccgihaNw.o: In function `main':
/home/forgotfun/project/NewStageCode/shibby_110/release/src/router/transmission/conftest.c:46: undefined reference to `pthread_join'
/home/forgotfun/project/NewStageCode/shibby_110/release/src/router/transmission/conftest.c:48: undefined reference to `pthread_create'
collect2: ld returned 1 exit status
configure:16479: $? = 1
configure: failed program was:
| /* confdefs.h */
| #define PACKAGE_NAME "transmission"
| #define PACKAGE_TARNAME "transmission"
| #define PACKAGE_VERSION "2.77"
| #define PACKAGE_STRING "transmission 2.77"
| #define PACKAGE_BUGREPORT "http://trac.transmissionbt.com/newticket"
| #define PACKAGE_URL ""
| #define PACKAGE "transmission"
| #define VERSION "2.77"
| #define STDC_HEADERS 1
| #define HAVE_SYS_TYPES_H 1
| #define HAVE_SYS_STAT_H 1
| #define HAVE_STDLIB_H 1
| #define HAVE_STRING_H 1
| #define HAVE_MEMORY_H 1
| #define HAVE_STRINGS_H 1
| #define HAVE_INTTYPES_H 1
| #define HAVE_STDINT_H 1
| #define HAVE_UNISTD_H 1
| #define HAVE_DLFCN_H 1
| #define LT_OBJDIR ".libs/"
| #define STDC_HEADERS 1
| #define TIME_WITH_SYS_TIME 1
| #define HAVE_STDBOOL_H 1
| #define HAVE_PREAD 1
| #define HAVE_PWRITE 1
| #define HAVE_STRLCPY 1
| #define HAVE_DAEMON 1
| #define HAVE_DIRNAME 1
| #define HAVE_BASENAME 1
| #define HAVE_STRCASECMP 1
| #define HAVE_LOCALTIME_R 1
| #define HAVE_MEMMEM 1
| #define HAVE_STRSEP 1
| #define HAVE_STRTOLD 1
| #define HAVE_SYSLOG 1
| #define HAVE_VALLOC 1
| #define HAVE_GETPAGESIZE 1
| #define HAVE_STATVFS 1
| #define HAVE_MKDTEMP 1
| /* end confdefs.h.  */
| #include <pthread.h>
| int
| main ()
| {
| pthread_t th; pthread_join(th, 0);
|                      pthread_attr_init(0); pthread_cleanup_push(0, 0);
|                      pthread_create(0,0,0,0); pthread_cleanup_pop(0);
|   ;
|   return 0;
| }
configure:16488: result: no
configure:16446: checking for the pthreads library -llthread
configure:16479: mipsel-uclibc-gcc -o conftest -Os -Wall -fno-delete-null-pointer-checks -funit-at-a-time 		--param large-function-growth=800 --param max-inline-insns-single=3000 		-ffunction-sections -fdata-sections -std=gnu99 -ggdb3 -Wall -W -Wpointer-arith -Wformat-security -Wcast-align -Wundef -Wcast-align -Wstrict-prototypes -Wmissing-declarations -Wmissing-format-attribute -Wredundant-decls -Wnested-externs -Wunused-parameter -Wwrite-strings -Winline -Wfloat-equal -Wextra -Wdeclaration-after-statement -Winit-self  -I/home/forgotfun/project/Myth/shibby_110/release/src-rt/router/zlib -DNDEBUG -L/home/forgotfun/project/Myth/shibby_110/release/src-rt/router/zlib -ffunction-sections -fdata-sections -Wl,--gc-sections -fPIC conftest.c -llthread  >&5
conftest.c:45: warning: function declaration isn't a prototype
conftest.c: In function 'main':
conftest.c:46: warning: 'th' is used uninitialized in this function
/opt/brcm/K26/hndtools-mipsel-uclibc-4.2.4/bin/../lib/gcc/mipsel-linux-uclibc/4.2.4/../../../../mipsel-linux-uclibc/bin/ld: cannot find -llthread
collect2: ld returned 1 exit status
configure:16479: $? = 1
configure: failed program was:
| /* confdefs.h */
| #define PACKAGE_NAME "transmission"
| #define PACKAGE_TARNAME "transmission"
| #define PACKAGE_VERSION "2.77"
| #define PACKAGE_STRING "transmission 2.77"
| #define PACKAGE_BUGREPORT "http://trac.transmissionbt.com/newticket"
| #define PACKAGE_URL ""
| #define PACKAGE "transmission"
| #define VERSION "2.77"
| #define STDC_HEADERS 1
| #define HAVE_SYS_TYPES_H 1
| #define HAVE_SYS_STAT_H 1
| #define HAVE_STDLIB_H 1
| #define HAVE_STRING_H 1
| #define HAVE_MEMORY_H 1
| #define HAVE_STRINGS_H 1
| #define HAVE_INTTYPES_H 1
| #define HAVE_STDINT_H 1
| #define HAVE_UNISTD_H 1
| #define HAVE_DLFCN_H 1
| #define LT_OBJDIR ".libs/"
| #define STDC_HEADERS 1
| #define TIME_WITH_SYS_TIME 1
| #define HAVE_STDBOOL_H 1
| #define HAVE_PREAD 1
| #define HAVE_PWRITE 1
| #define HAVE_STRLCPY 1
| #define HAVE_DAEMON 1
| #define HAVE_DIRNAME 1
| #define HAVE_BASENAME 1
| #define HAVE_STRCASECMP 1
| #define HAVE_LOCALTIME_R 1
| #define HAVE_MEMMEM 1
| #define HAVE_STRSEP 1
| #define HAVE_STRTOLD 1
| #define HAVE_SYSLOG 1
| #define HAVE_VALLOC 1
| #define HAVE_GETPAGESIZE 1
| #define HAVE_STATVFS 1
| #define HAVE_MKDTEMP 1
| /* end confdefs.h.  */
| #include <pthread.h>
| int
| main ()
| {
| pthread_t th; pthread_join(th, 0);
|                      pthread_attr_init(0); pthread_cleanup_push(0, 0);
|                      pthread_create(0,0,0,0); pthread_cleanup_pop(0);
|   ;
|   return 0;
| }
configure:16488: result: no
configure:16396: checking whether pthreads work with -pthread
configure:16479: mipsel-uclibc-gcc -o conftest -Os -Wall -fno-delete-null-pointer-checks -funit-at-a-time 		--param large-function-growth=800 --param max-inline-insns-single=3000 		-ffunction-sections -fdata-sections -std=gnu99 -ggdb3 -Wall -W -Wpointer-arith -Wformat-security -Wcast-align -Wundef -Wcast-align -Wstrict-prototypes -Wmissing-declarations -Wmissing-format-attribute -Wredundant-decls -Wnested-externs -Wunused-parameter -Wwrite-strings -Winline -Wfloat-equal -Wextra -Wdeclaration-after-statement -Winit-self -pthread -I/home/forgotfun/project/Myth/shibby_110/release/src-rt/router/zlib -DNDEBUG -L/home/forgotfun/project/Myth/shibby_110/release/src-rt/router/zlib -ffunction-sections -fdata-sections -Wl,--gc-sections -fPIC conftest.c   >&5
conftest.c:45: warning: function declaration isn't a prototype
conftest.c: In function 'main':
conftest.c:46: warning: 'th' is used uninitialized in this function
configure:16479: $? = 0
configure:16488: result: yes
configure:16507: checking for joinable pthread attribute
configure:16522: mipsel-uclibc-gcc -o conftest -Os -Wall -fno-delete-null-pointer-checks -funit-at-a-time 		--param large-function-growth=800 --param max-inline-insns-single=3000 		-ffunction-sections -fdata-sections -std=gnu99 -ggdb3 -Wall -W -Wpointer-arith -Wformat-security -Wcast-align -Wundef -Wcast-align -Wstrict-prototypes -Wmissing-declarations -Wmissing-format-attribute -Wredundant-decls -Wnested-externs -Wunused-parameter -Wwrite-strings -Winline -Wfloat-equal -Wextra -Wdeclaration-after-statement -Winit-self -pthread -I/home/forgotfun/project/Myth/shibby_110/release/src-rt/router/zlib -DNDEBUG -L/home/forgotfun/project/Myth/shibby_110/release/src-rt/router/zlib -ffunction-sections -fdata-sections -Wl,--gc-sections -fPIC conftest.c   >&5
conftest.c:45: warning: function declaration isn't a prototype
configure:16522: $? = 0
configure:16528: result: PTHREAD_CREATE_JOINABLE
configure:16538: checking if more special flags are required for pthreads
configure:16545: result: no
configure:16632: checking for library containing cos
configure:16663: mipsel-uclibc-gcc -o conftest -Os -Wall -fno-delete-null-pointer-checks -funit-at-a-time 		--param large-function-growth=800 --param max-inline-insns-single=3000 		-ffunction-sections -fdata-sections -std=gnu99 -ggdb3 -Wall -W -Wpointer-arith -Wformat-security -Wcast-align -Wundef -Wcast-align -Wstrict-prototypes -Wmissing-declarations -Wmissing-format-attribute -Wredundant-decls -Wnested-externs -Wunused-parameter -Wwrite-strings -Winline -Wfloat-equal -Wextra -Wdeclaration-after-statement -Winit-self -I/home/forgotfun/project/Myth/shibby_110/release/src-rt/router/zlib -DNDEBUG -L/home/forgotfun/project/Myth/shibby_110/release/src-rt/router/zlib -ffunction-sections -fdata-sections -Wl,--gc-sections -fPIC conftest.c  >&5
conftest.c:50: warning: function declaration isn't a prototype
conftest.c:50: warning: conflicting types for built-in function 'cos'
conftest.c:53: warning: function declaration isn't a prototype
/tmp/ccIq4rEE.o: In function `main':
/home/forgotfun/project/NewStageCode/shibby_110/release/src/router/transmission/conftest.c:54: undefined reference to `cos'
collect2: ld returned 1 exit status
configure:16663: $? = 1
configure: failed program was:
| /* confdefs.h */
| #define PACKAGE_NAME "transmission"
| #define PACKAGE_TARNAME "transmission"
| #define PACKAGE_VERSION "2.77"
| #define PACKAGE_STRING "transmission 2.77"
| #define PACKAGE_BUGREPORT "http://trac.transmissionbt.com/newticket"
| #define PACKAGE_URL ""
| #define PACKAGE "transmission"
| #define VERSION "2.77"
| #define STDC_HEADERS 1
| #define HAVE_SYS_TYPES_H 1
| #define HAVE_SYS_STAT_H 1
| #define HAVE_STDLIB_H 1
| #define HAVE_STRING_H 1
| #define HAVE_MEMORY_H 1
| #define HAVE_STRINGS_H 1
| #define HAVE_INTTYPES_H 1
| #define HAVE_STDINT_H 1
| #define HAVE_UNISTD_H 1
| #define HAVE_DLFCN_H 1
| #define LT_OBJDIR ".libs/"
| #define STDC_HEADERS 1
| #define TIME_WITH_SYS_TIME 1
| #define HAVE_STDBOOL_H 1
| #define HAVE_PREAD 1
| #define HAVE_PWRITE 1
| #define HAVE_STRLCPY 1
| #define HAVE_DAEMON 1
| #define HAVE_DIRNAME 1
| #define HAVE_BASENAME 1
| #define HAVE_STRCASECMP 1
| #define HAVE_LOCALTIME_R 1
| #define HAVE_MEMMEM 1
| #define HAVE_STRSEP 1
| #define HAVE_STRTOLD 1
| #define HAVE_SYSLOG 1
| #define HAVE_VALLOC 1
| #define HAVE_GETPAGESIZE 1
| #define HAVE_STATVFS 1
| #define HAVE_MKDTEMP 1
| #define HAVE_PTHREAD 1
| /* end confdefs.h.  */
| 
| /* Override any GCC internal prototype to avoid an error.
|    Use char because int might match the return type of a GCC
|    builtin and then its argument prototype would still apply.  */
| #ifdef __cplusplus
| extern "C"
| #endif
| char cos ();
| int
| main ()
| {
| return cos ();
|   ;
|   return 0;
| }
configure:16663: mipsel-uclibc-gcc -o conftest -Os -Wall -fno-delete-null-pointer-checks -funit-at-a-time 		--param large-function-growth=800 --param max-inline-insns-single=3000 		-ffunction-sections -fdata-sections -std=gnu99 -ggdb3 -Wall -W -Wpointer-arith -Wformat-security -Wcast-align -Wundef -Wcast-align -Wstrict-prototypes -Wmissing-declarations -Wmissing-format-attribute -Wredundant-decls -Wnested-externs -Wunused-parameter -Wwrite-strings -Winline -Wfloat-equal -Wextra -Wdeclaration-after-statement -Winit-self -I/home/forgotfun/project/Myth/shibby_110/release/src-rt/router/zlib -DNDEBUG -L/home/forgotfun/project/Myth/shibby_110/release/src-rt/router/zlib -ffunction-sections -fdata-sections -Wl,--gc-sections -fPIC conftest.c -lm   >&5
conftest.c:50: warning: function declaration isn't a prototype
conftest.c:50: warning: conflicting types for built-in function 'cos'
conftest.c:53: warning: function declaration isn't a prototype
configure:16663: $? = 0
configure:16680: result: -lm
configure:16688: checking for library containing socket
configure:16719: mipsel-uclibc-gcc -o conftest -Os -Wall -fno-delete-null-pointer-checks -funit-at-a-time 		--param large-function-growth=800 --param max-inline-insns-single=3000 		-ffunction-sections -fdata-sections -std=gnu99 -ggdb3 -Wall -W -Wpointer-arith -Wformat-security -Wcast-align -Wundef -Wcast-align -Wstrict-prototypes -Wmissing-declarations -Wmissing-format-attribute -Wredundant-decls -Wnested-externs -Wunused-parameter -Wwrite-strings -Winline -Wfloat-equal -Wextra -Wdeclaration-after-statement -Winit-self -I/home/forgotfun/project/Myth/shibby_110/release/src-rt/router/zlib -DNDEBUG -L/home/forgotfun/project/Myth/shibby_110/release/src-rt/router/zlib -ffunction-sections -fdata-sections -Wl,--gc-sections -fPIC conftest.c -lm  >&5
conftest.c:50: warning: function declaration isn't a prototype
conftest.c:53: warning: function declaration isn't a prototype
configure:16719: $? = 0
configure:16736: result: none required
configure:16744: checking for library containing gethostbyname
configure:16775: mipsel-uclibc-gcc -o conftest -Os -Wall -fno-delete-null-pointer-checks -funit-at-a-time 		--param large-function-growth=800 --param max-inline-insns-single=3000 		-ffunction-sections -fdata-sections -std=gnu99 -ggdb3 -Wall -W -Wpointer-arith -Wformat-security -Wcast-align -Wundef -Wcast-align -Wstrict-prototypes -Wmissing-declarations -Wmissing-format-attribute -Wredundant-decls -Wnested-externs -Wunused-parameter -Wwrite-strings -Winline -Wfloat-equal -Wextra -Wdeclaration-after-statement -Winit-self -I/home/forgotfun/project/Myth/shibby_110/release/src-rt/router/zlib -DNDEBUG -L/home/forgotfun/project/Myth/shibby_110/release/src-rt/router/zlib -ffunction-sections -fdata-sections -Wl,--gc-sections -fPIC conftest.c -lm  >&5
conftest.c:50: warning: function declaration isn't a prototype
conftest.c:53: warning: function declaration isn't a prototype
configure:16775: $? = 0
configure:16792: result: none required
configure:16806: checking for mipsel-linux-pkg-config
configure:16839: result: no
configure:16849: checking for pkg-config
configure:16867: found /usr/bin/pkg-config
configure:16879: result: /usr/bin/pkg-config
configure:16904: checking pkg-config is at least version 0.9.0
configure:16907: result: yes
configure:16918: checking for OPENSSL
configure:17031: result: yes
configure:17037: checking for LIBCURL
configure:17121: result: yes
configure:17127: checking for LIBEVENT
configure:17211: result: yes
configure:17251: checking for /tmp/dummy1_zlib.h
configure:17251: mipsel-uclibc-gcc -c -Os -Wall -fno-delete-null-pointer-checks -funit-at-a-time 		--param large-function-growth=800 --param max-inline-insns-single=3000 		-ffunction-sections -fdata-sections -std=gnu99 -ggdb3 -Wall -W -Wpointer-arith -Wformat-security -Wcast-align -Wundef -Wcast-align -Wstrict-prototypes -Wmissing-declarations -Wmissing-format-attribute -Wredundant-decls -Wnested-externs -Wunused-parameter -Wwrite-strings -Winline -Wfloat-equal -Wextra -Wdeclaration-after-statement -Winit-self  -I/home/forgotfun/project/Myth/shibby_110/release/src-rt/router/zlib -DNDEBUG conftest.c >&5
In file included from /home/forgotfun/project/Myth/shibby_110/release/src-rt/router/zlib/zlib.h:34,
                 from conftest.c:43:
/home/forgotfun/project/Myth/shibby_110/release/src-rt/router/zlib/zconf.h:373:6: warning: "_LARGEFILE64_SOURCE" is not defined
In file included from conftest.c:43:
/home/forgotfun/project/Myth/shibby_110/release/src-rt/router/zlib/zlib.h:1574:32: warning: "_FILE_OFFSET_BITS" is not defined
configure:17251: $? = 0
configure:17251: result: yes
configure:17266: checking for library containing gzopen
configure:17297: mipsel-uclibc-gcc -o conftest -Os -Wall -fno-delete-null-pointer-checks -funit-at-a-time 		--param large-function-growth=800 --param max-inline-insns-single=3000 		-ffunction-sections -fdata-sections -std=gnu99 -ggdb3 -Wall -W -Wpointer-arith -Wformat-security -Wcast-align -Wundef -Wcast-align -Wstrict-prototypes -Wmissing-declarations -Wmissing-format-attribute -Wredundant-decls -Wnested-externs -Wunused-parameter -Wwrite-strings -Winline -Wfloat-equal -Wextra -Wdeclaration-after-statement -Winit-self  -I/home/forgotfun/project/Myth/shibby_110/release/src-rt/router/zlib -DNDEBUG -L/home/forgotfun/project/Myth/shibby_110/release/src-rt/router/zlib -ffunction-sections -fdata-sections -Wl,--gc-sections -fPIC  conftest.c -lm  >&5
conftest.c:51: warning: function declaration isn't a prototype
conftest.c:54: warning: function declaration isn't a prototype
/tmp/ccbgqteW.o: In function `main':
/home/forgotfun/project/NewStageCode/shibby_110/release/src/router/transmission/conftest.c:55: undefined reference to `gzopen'
collect2: ld returned 1 exit status
configure:17297: $? = 1
configure: failed program was:
| /* confdefs.h */
| #define PACKAGE_NAME "transmission"
| #define PACKAGE_TARNAME "transmission"
| #define PACKAGE_VERSION "2.77"
| #define PACKAGE_STRING "transmission 2.77"
| #define PACKAGE_BUGREPORT "http://trac.transmissionbt.com/newticket"
| #define PACKAGE_URL ""
| #define PACKAGE "transmission"
| #define VERSION "2.77"
| #define STDC_HEADERS 1
| #define HAVE_SYS_TYPES_H 1
| #define HAVE_SYS_STAT_H 1
| #define HAVE_STDLIB_H 1
| #define HAVE_STRING_H 1
| #define HAVE_MEMORY_H 1
| #define HAVE_STRINGS_H 1
| #define HAVE_INTTYPES_H 1
| #define HAVE_STDINT_H 1
| #define HAVE_UNISTD_H 1
| #define HAVE_DLFCN_H 1
| #define LT_OBJDIR ".libs/"
| #define STDC_HEADERS 1
| #define TIME_WITH_SYS_TIME 1
| #define HAVE_STDBOOL_H 1
| #define HAVE_PREAD 1
| #define HAVE_PWRITE 1
| #define HAVE_STRLCPY 1
| #define HAVE_DAEMON 1
| #define HAVE_DIRNAME 1
| #define HAVE_BASENAME 1
| #define HAVE_STRCASECMP 1
| #define HAVE_LOCALTIME_R 1
| #define HAVE_MEMMEM 1
| #define HAVE_STRSEP 1
| #define HAVE_STRTOLD 1
| #define HAVE_SYSLOG 1
| #define HAVE_VALLOC 1
| #define HAVE_GETPAGESIZE 1
| #define HAVE_STATVFS 1
| #define HAVE_MKDTEMP 1
| #define HAVE_PTHREAD 1
| #define HAVE__TMP_DUMMY1_ZLIB_H 1
| /* end confdefs.h.  */
| 
| /* Override any GCC internal prototype to avoid an error.
|    Use char because int might match the return type of a GCC
|    builtin and then its argument prototype would still apply.  */
| #ifdef __cplusplus
| extern "C"
| #endif
| char gzopen ();
| int
| main ()
| {
| return gzopen ();
|   ;
|   return 0;
| }
configure:17297: mipsel-uclibc-gcc -o conftest -Os -Wall -fno-delete-null-pointer-checks -funit-at-a-time 		--param large-function-growth=800 --param max-inline-insns-single=3000 		-ffunction-sections -fdata-sections -std=gnu99 -ggdb3 -Wall -W -Wpointer-arith -Wformat-security -Wcast-align -Wundef -Wcast-align -Wstrict-prototypes -Wmissing-declarations -Wmissing-format-attribute -Wredundant-decls -Wnested-externs -Wunused-parameter -Wwrite-strings -Winline -Wfloat-equal -Wextra -Wdeclaration-after-statement -Winit-self  -I/home/forgotfun/project/Myth/shibby_110/release/src-rt/router/zlib -DNDEBUG -L/home/forgotfun/project/Myth/shibby_110/release/src-rt/router/zlib -ffunction-sections -fdata-sections -Wl,--gc-sections -fPIC  conftest.c -lz  -lm  >&5
conftest.c:51: warning: function declaration isn't a prototype
conftest.c:54: warning: function declaration isn't a prototype
configure:17297: $? = 0
configure:17314: result: -lz
configure:17451: checking for special C compiler options needed for large files
configure:17496: result: no
configure:17502: checking for _FILE_OFFSET_BITS value needed for large files
configure:17527: mipsel-uclibc-gcc -c -Os -Wall -fno-delete-null-pointer-checks -funit-at-a-time 		--param large-function-growth=800 --param max-inline-insns-single=3000 		-ffunction-sections -fdata-sections -std=gnu99 -ggdb3 -Wall -W -Wpointer-arith -Wformat-security -Wcast-align -Wundef -Wcast-align -Wstrict-prototypes -Wmissing-declarations -Wmissing-format-attribute -Wredundant-decls -Wnested-externs -Wunused-parameter -Wwrite-strings -Winline -Wfloat-equal -Wextra -Wdeclaration-after-statement -Winit-self -I/home/forgotfun/project/Myth/shibby_110/release/src-rt/router/zlib -DNDEBUG conftest.c >&5
conftest.c:51: warning: left shift count >= width of type
conftest.c:51: warning: left shift count >= width of type
conftest.c:53: error: size of array 'off_t_is_large' is negative
conftest.c:56: warning: function declaration isn't a prototype
configure:17527: $? = 1
configure: failed program was:
| /* confdefs.h */
| #define PACKAGE_NAME "transmission"
| #define PACKAGE_TARNAME "transmission"
| #define PACKAGE_VERSION "2.77"
| #define PACKAGE_STRING "transmission 2.77"
| #define PACKAGE_BUGREPORT "http://trac.transmissionbt.com/newticket"
| #define PACKAGE_URL ""
| #define PACKAGE "transmission"
| #define VERSION "2.77"
| #define STDC_HEADERS 1
| #define HAVE_SYS_TYPES_H 1
| #define HAVE_SYS_STAT_H 1
| #define HAVE_STDLIB_H 1
| #define HAVE_STRING_H 1
| #define HAVE_MEMORY_H 1
| #define HAVE_STRINGS_H 1
| #define HAVE_INTTYPES_H 1
| #define HAVE_STDINT_H 1
| #define HAVE_UNISTD_H 1
| #define HAVE_DLFCN_H 1
| #define LT_OBJDIR ".libs/"
| #define STDC_HEADERS 1
| #define TIME_WITH_SYS_TIME 1
| #define HAVE_STDBOOL_H 1
| #define HAVE_PREAD 1
| #define HAVE_PWRITE 1
| #define HAVE_STRLCPY 1
| #define HAVE_DAEMON 1
| #define HAVE_DIRNAME 1
| #define HAVE_BASENAME 1
| #define HAVE_STRCASECMP 1
| #define HAVE_LOCALTIME_R 1
| #define HAVE_MEMMEM 1
| #define HAVE_STRSEP 1
| #define HAVE_STRTOLD 1
| #define HAVE_SYSLOG 1
| #define HAVE_VALLOC 1
| #define HAVE_GETPAGESIZE 1
| #define HAVE_STATVFS 1
| #define HAVE_MKDTEMP 1
| #define HAVE_PTHREAD 1
| #define HAVE__TMP_DUMMY1_ZLIB_H 1
| #define HAVE_ZLIB 1
| /* end confdefs.h.  */
| #include <sys/types.h>
|  /* Check that off_t can represent 2**63 - 1 correctly.
|     We can't simply define LARGE_OFF_T to be 9223372036854775807,
|     since some C++ compilers masquerading as C compilers
|     incorrectly reject 9223372036854775807.  */
| #define LARGE_OFF_T (((off_t) 1 << 62) - 1 + ((off_t) 1 << 62))
|   int off_t_is_large[(LARGE_OFF_T % 2147483629 == 721
| 		       && LARGE_OFF_T % 2147483647 == 1)
| 		      ? 1 : -1];
| int
| main ()
| {
| 
|   ;
|   return 0;
| }
configure:17551: mipsel-uclibc-gcc -c -Os -Wall -fno-delete-null-pointer-checks -funit-at-a-time 		--param large-function-growth=800 --param max-inline-insns-single=3000 		-ffunction-sections -fdata-sections -std=gnu99 -ggdb3 -Wall -W -Wpointer-arith -Wformat-security -Wcast-align -Wundef -Wcast-align -Wstrict-prototypes -Wmissing-declarations -Wmissing-format-attribute -Wredundant-decls -Wnested-externs -Wunused-parameter -Wwrite-strings -Winline -Wfloat-equal -Wextra -Wdeclaration-after-statement -Winit-self -I/home/forgotfun/project/Myth/shibby_110/release/src-rt/router/zlib -DNDEBUG conftest.c >&5
conftest.c:57: warning: function declaration isn't a prototype
configure:17551: $? = 0
configure:17559: result: 64
configure:17644: checking for lseek64
configure:17644: mipsel-uclibc-gcc -o conftest -Os -Wall -fno-delete-null-pointer-checks -funit-at-a-time 		--param large-function-growth=800 --param max-inline-insns-single=3000 		-ffunction-sections -fdata-sections -std=gnu99 -ggdb3 -Wall -W -Wpointer-arith -Wformat-security -Wcast-align -Wundef -Wcast-align -Wstrict-prototypes -Wmissing-declarations -Wmissing-format-attribute -Wredundant-decls -Wnested-externs -Wunused-parameter -Wwrite-strings -Winline -Wfloat-equal -Wextra -Wdeclaration-after-statement -Winit-self -I/home/forgotfun/project/Myth/shibby_110/release/src-rt/router/zlib -DNDEBUG -L/home/forgotfun/project/Myth/shibby_110/release/src-rt/router/zlib -ffunction-sections -fdata-sections -Wl,--gc-sections -fPIC conftest.c -lm  >&5
conftest.c:69: warning: function declaration isn't a prototype
conftest.c:79: warning: function declaration isn't a prototype
configure:17644: $? = 0
configure:17644: result: yes
configure:17656: checking whether posix_fadvise is declared
configure:17656: mipsel-uclibc-gcc -c -Os -Wall -fno-delete-null-pointer-checks -funit-at-a-time 		--param large-function-growth=800 --param max-inline-insns-single=3000 		-ffunction-sections -fdata-sections -std=gnu99 -ggdb3 -Wall -W -Wpointer-arith -Wformat-security -Wcast-align -Wundef -Wcast-align -Wstrict-prototypes -Wmissing-declarations -Wmissing-format-attribute -Wredundant-decls -Wnested-externs -Wunused-parameter -Wwrite-strings -Winline -Wfloat-equal -Wextra -Wdeclaration-after-statement -Winit-self -I/home/forgotfun/project/Myth/shibby_110/release/src-rt/router/zlib -DNDEBUG conftest.c >&5
conftest.c:53: warning: function declaration isn't a prototype
conftest.c: In function 'main':
conftest.c:55: error: 'posix_fadvise' undeclared (first use in this function)
conftest.c:55: error: (Each undeclared identifier is reported only once
conftest.c:55: error: for each function it appears in.)
configure:17656: $? = 1
configure: failed program was:
| /* confdefs.h */
| #define PACKAGE_NAME "transmission"
| #define PACKAGE_TARNAME "transmission"
| #define PACKAGE_VERSION "2.77"
| #define PACKAGE_STRING "transmission 2.77"
| #define PACKAGE_BUGREPORT "http://trac.transmissionbt.com/newticket"
| #define PACKAGE_URL ""
| #define PACKAGE "transmission"
| #define VERSION "2.77"
| #define STDC_HEADERS 1
| #define HAVE_SYS_TYPES_H 1
| #define HAVE_SYS_STAT_H 1
| #define HAVE_STDLIB_H 1
| #define HAVE_STRING_H 1
| #define HAVE_MEMORY_H 1
| #define HAVE_STRINGS_H 1
| #define HAVE_INTTYPES_H 1
| #define HAVE_STDINT_H 1
| #define HAVE_UNISTD_H 1
| #define HAVE_DLFCN_H 1
| #define LT_OBJDIR ".libs/"
| #define STDC_HEADERS 1
| #define TIME_WITH_SYS_TIME 1
| #define HAVE_STDBOOL_H 1
| #define HAVE_PREAD 1
| #define HAVE_PWRITE 1
| #define HAVE_STRLCPY 1
| #define HAVE_DAEMON 1
| #define HAVE_DIRNAME 1
| #define HAVE_BASENAME 1
| #define HAVE_STRCASECMP 1
| #define HAVE_LOCALTIME_R 1
| #define HAVE_MEMMEM 1
| #define HAVE_STRSEP 1
| #define HAVE_STRTOLD 1
| #define HAVE_SYSLOG 1
| #define HAVE_VALLOC 1
| #define HAVE_GETPAGESIZE 1
| #define HAVE_STATVFS 1
| #define HAVE_MKDTEMP 1
| #define HAVE_PTHREAD 1
| #define HAVE__TMP_DUMMY1_ZLIB_H 1
| #define HAVE_ZLIB 1
| #define _FILE_OFFSET_BITS 64
| #define HAVE_LSEEK64 1
| /* end confdefs.h.  */
| 
| #define _XOPEN_SOURCE 600
| #include <fcntl.h>
| 
| int
| main ()
| {
| #ifndef posix_fadvise
|   (void) posix_fadvise;
| #endif
| 
|   ;
|   return 0;
| }
configure:17656: result: no
configure:17672: checking for posix_fadvise
configure:17672: mipsel-uclibc-gcc -o conftest -Os -Wall -fno-delete-null-pointer-checks -funit-at-a-time 		--param large-function-growth=800 --param max-inline-insns-single=3000 		-ffunction-sections -fdata-sections -std=gnu99 -ggdb3 -Wall -W -Wpointer-arith -Wformat-security -Wcast-align -Wundef -Wcast-align -Wstrict-prototypes -Wmissing-declarations -Wmissing-format-attribute -Wredundant-decls -Wnested-externs -Wunused-parameter -Wwrite-strings -Winline -Wfloat-equal -Wextra -Wdeclaration-after-statement -Winit-self -I/home/forgotfun/project/Myth/shibby_110/release/src-rt/router/zlib -DNDEBUG -L/home/forgotfun/project/Myth/shibby_110/release/src-rt/router/zlib -ffunction-sections -fdata-sections -Wl,--gc-sections -fPIC conftest.c -lm  >&5
conftest.c:71: warning: function declaration isn't a prototype
conftest.c:81: warning: function declaration isn't a prototype
configure:17672: $? = 0
configure:17672: result: yes
configure:17684: checking sys/inotify.h usability
configure:17684: mipsel-uclibc-gcc -c -Os -Wall -fno-delete-null-pointer-checks -funit-at-a-time 		--param large-function-growth=800 --param max-inline-insns-single=3000 		-ffunction-sections -fdata-sections -std=gnu99 -ggdb3 -Wall -W -Wpointer-arith -Wformat-security -Wcast-align -Wundef -Wcast-align -Wstrict-prototypes -Wmissing-declarations -Wmissing-format-attribute -Wredundant-decls -Wnested-externs -Wunused-parameter -Wwrite-strings -Winline -Wfloat-equal -Wextra -Wdeclaration-after-statement -Winit-self -I/home/forgotfun/project/Myth/shibby_110/release/src-rt/router/zlib -DNDEBUG conftest.c >&5
configure:17684: $? = 0
configure:17684: result: yes
configure:17684: checking sys/inotify.h presence
configure:17684: mipsel-uclibc-gcc -E -I/home/forgotfun/project/Myth/shibby_110/release/src-rt/router/zlib -DNDEBUG conftest.c
configure:17684: $? = 0
configure:17684: result: yes
configure:17684: checking for sys/inotify.h
configure:17684: result: yes
configure:17686: checking for inotify_init
configure:17686: mipsel-uclibc-gcc -o conftest -Os -Wall -fno-delete-null-pointer-checks -funit-at-a-time 		--param large-function-growth=800 --param max-inline-insns-single=3000 		-ffunction-sections -fdata-sections -std=gnu99 -ggdb3 -Wall -W -Wpointer-arith -Wformat-security -Wcast-align -Wundef -Wcast-align -Wstrict-prototypes -Wmissing-declarations -Wmissing-format-attribute -Wredundant-decls -Wnested-externs -Wunused-parameter -Wwrite-strings -Winline -Wfloat-equal -Wextra -Wdeclaration-after-statement -Winit-self -I/home/forgotfun/project/Myth/shibby_110/release/src-rt/router/zlib -DNDEBUG -L/home/forgotfun/project/Myth/shibby_110/release/src-rt/router/zlib -ffunction-sections -fdata-sections -Wl,--gc-sections -fPIC conftest.c -lm  >&5
conftest.c:72: warning: function declaration isn't a prototype
conftest.c:82: warning: function declaration isn't a prototype
configure:17686: $? = 0
configure:17686: result: yes
configure:17715: checking sys/event.h usability
configure:17715: mipsel-uclibc-gcc -c -Os -Wall -fno-delete-null-pointer-checks -funit-at-a-time 		--param large-function-growth=800 --param max-inline-insns-single=3000 		-ffunction-sections -fdata-sections -std=gnu99 -ggdb3 -Wall -W -Wpointer-arith -Wformat-security -Wcast-align -Wundef -Wcast-align -Wstrict-prototypes -Wmissing-declarations -Wmissing-format-attribute -Wredundant-decls -Wnested-externs -Wunused-parameter -Wwrite-strings -Winline -Wfloat-equal -Wextra -Wdeclaration-after-statement -Winit-self -I/home/forgotfun/project/Myth/shibby_110/release/src-rt/router/zlib -DNDEBUG conftest.c >&5
conftest.c:83:23: error: sys/event.h: No such file or directory
configure:17715: $? = 1
configure: failed program was:
| /* confdefs.h */
| #define PACKAGE_NAME "transmission"
| #define PACKAGE_TARNAME "transmission"
| #define PACKAGE_VERSION "2.77"
| #define PACKAGE_STRING "transmission 2.77"
| #define PACKAGE_BUGREPORT "http://trac.transmissionbt.com/newticket"
| #define PACKAGE_URL ""
| #define PACKAGE "transmission"
| #define VERSION "2.77"
| #define STDC_HEADERS 1
| #define HAVE_SYS_TYPES_H 1
| #define HAVE_SYS_STAT_H 1
| #define HAVE_STDLIB_H 1
| #define HAVE_STRING_H 1
| #define HAVE_MEMORY_H 1
| #define HAVE_STRINGS_H 1
| #define HAVE_INTTYPES_H 1
| #define HAVE_STDINT_H 1
| #define HAVE_UNISTD_H 1
| #define HAVE_DLFCN_H 1
| #define LT_OBJDIR ".libs/"
| #define STDC_HEADERS 1
| #define TIME_WITH_SYS_TIME 1
| #define HAVE_STDBOOL_H 1
| #define HAVE_PREAD 1
| #define HAVE_PWRITE 1
| #define HAVE_STRLCPY 1
| #define HAVE_DAEMON 1
| #define HAVE_DIRNAME 1
| #define HAVE_BASENAME 1
| #define HAVE_STRCASECMP 1
| #define HAVE_LOCALTIME_R 1
| #define HAVE_MEMMEM 1
| #define HAVE_STRSEP 1
| #define HAVE_STRTOLD 1
| #define HAVE_SYSLOG 1
| #define HAVE_VALLOC 1
| #define HAVE_GETPAGESIZE 1
| #define HAVE_STATVFS 1
| #define HAVE_MKDTEMP 1
| #define HAVE_PTHREAD 1
| #define HAVE__TMP_DUMMY1_ZLIB_H 1
| #define HAVE_ZLIB 1
| #define _FILE_OFFSET_BITS 64
| #define HAVE_LSEEK64 1
| #define HAVE_DECL_POSIX_FADVISE 0
| #define HAVE_POSIX_FADVISE 1
| #define WITH_INOTIFY 1
| /* end confdefs.h.  */
| #include <stdio.h>
| #ifdef HAVE_SYS_TYPES_H
| # include <sys/types.h>
| #endif
| #ifdef HAVE_SYS_STAT_H
| # include <sys/stat.h>
| #endif
| #ifdef STDC_HEADERS
| # include <stdlib.h>
| # include <stddef.h>
| #else
| # ifdef HAVE_STDLIB_H
| #  include <stdlib.h>
| # endif
| #endif
| #ifdef HAVE_STRING_H
| # if !defined STDC_HEADERS && defined HAVE_MEMORY_H
| #  include <memory.h>
| # endif
| # include <string.h>
| #endif
| #ifdef HAVE_STRINGS_H
| # include <strings.h>
| #endif
| #ifdef HAVE_INTTYPES_H
| # include <inttypes.h>
| #endif
| #ifdef HAVE_STDINT_H
| # include <stdint.h>
| #endif
| #ifdef HAVE_UNISTD_H
| # include <unistd.h>
| #endif
| #include <sys/event.h>
configure:17715: result: no
configure:17715: checking sys/event.h presence
configure:17715: mipsel-uclibc-gcc -E -I/home/forgotfun/project/Myth/shibby_110/release/src-rt/router/zlib -DNDEBUG conftest.c
conftest.c:50:23: error: sys/event.h: No such file or directory
configure:17715: $? = 1
configure: failed program was:
| /* confdefs.h */
| #define PACKAGE_NAME "transmission"
| #define PACKAGE_TARNAME "transmission"
| #define PACKAGE_VERSION "2.77"
| #define PACKAGE_STRING "transmission 2.77"
| #define PACKAGE_BUGREPORT "http://trac.transmissionbt.com/newticket"
| #define PACKAGE_URL ""
| #define PACKAGE "transmission"
| #define VERSION "2.77"
| #define STDC_HEADERS 1
| #define HAVE_SYS_TYPES_H 1
| #define HAVE_SYS_STAT_H 1
| #define HAVE_STDLIB_H 1
| #define HAVE_STRING_H 1
| #define HAVE_MEMORY_H 1
| #define HAVE_STRINGS_H 1
| #define HAVE_INTTYPES_H 1
| #define HAVE_STDINT_H 1
| #define HAVE_UNISTD_H 1
| #define HAVE_DLFCN_H 1
| #define LT_OBJDIR ".libs/"
| #define STDC_HEADERS 1
| #define TIME_WITH_SYS_TIME 1
| #define HAVE_STDBOOL_H 1
| #define HAVE_PREAD 1
| #define HAVE_PWRITE 1
| #define HAVE_STRLCPY 1
| #define HAVE_DAEMON 1
| #define HAVE_DIRNAME 1
| #define HAVE_BASENAME 1
| #define HAVE_STRCASECMP 1
| #define HAVE_LOCALTIME_R 1
| #define HAVE_MEMMEM 1
| #define HAVE_STRSEP 1
| #define HAVE_STRTOLD 1
| #define HAVE_SYSLOG 1
| #define HAVE_VALLOC 1
| #define HAVE_GETPAGESIZE 1
| #define HAVE_STATVFS 1
| #define HAVE_MKDTEMP 1
| #define HAVE_PTHREAD 1
| #define HAVE__TMP_DUMMY1_ZLIB_H 1
| #define HAVE_ZLIB 1
| #define _FILE_OFFSET_BITS 64
| #define HAVE_LSEEK64 1
| #define HAVE_DECL_POSIX_FADVISE 0
| #define HAVE_POSIX_FADVISE 1
| #define WITH_INOTIFY 1
| /* end confdefs.h.  */
| #include <sys/event.h>
configure:17715: result: no
configure:17715: checking for sys/event.h
configure:17715: result: no
configure:17750: checking sys/statvfs.h usability
configure:17750: mipsel-uclibc-gcc -c -Os -Wall -fno-delete-null-pointer-checks -funit-at-a-time 		--param large-function-growth=800 --param max-inline-insns-single=3000 		-ffunction-sections -fdata-sections -std=gnu99 -ggdb3 -Wall -W -Wpointer-arith -Wformat-security -Wcast-align -Wundef -Wcast-align -Wstrict-prototypes -Wmissing-declarations -Wmissing-format-attribute -Wredundant-decls -Wnested-externs -Wunused-parameter -Wwrite-strings -Winline -Wfloat-equal -Wextra -Wdeclaration-after-statement -Winit-self -I/home/forgotfun/project/Myth/shibby_110/release/src-rt/router/zlib -DNDEBUG conftest.c >&5
configure:17750: $? = 0
configure:17750: result: yes
configure:17750: checking sys/statvfs.h presence
configure:17750: mipsel-uclibc-gcc -E -I/home/forgotfun/project/Myth/shibby_110/release/src-rt/router/zlib -DNDEBUG conftest.c
configure:17750: $? = 0
configure:17750: result: yes
configure:17750: checking for sys/statvfs.h
configure:17750: result: yes
configure:17750: checking xfs/xfs.h usability
configure:17750: mipsel-uclibc-gcc -c -Os -Wall -fno-delete-null-pointer-checks -funit-at-a-time 		--param large-function-growth=800 --param max-inline-insns-single=3000 		-ffunction-sections -fdata-sections -std=gnu99 -ggdb3 -Wall -W -Wpointer-arith -Wformat-security -Wcast-align -Wundef -Wcast-align -Wstrict-prototypes -Wmissing-declarations -Wmissing-format-attribute -Wredundant-decls -Wnested-externs -Wunused-parameter -Wwrite-strings -Winline -Wfloat-equal -Wextra -Wdeclaration-after-statement -Winit-self -I/home/forgotfun/project/Myth/shibby_110/release/src-rt/router/zlib -DNDEBUG conftest.c >&5
conftest.c:84:21: error: xfs/xfs.h: No such file or directory
configure:17750: $? = 1
configure: failed program was:
| /* confdefs.h */
| #define PACKAGE_NAME "transmission"
| #define PACKAGE_TARNAME "transmission"
| #define PACKAGE_VERSION "2.77"
| #define PACKAGE_STRING "transmission 2.77"
| #define PACKAGE_BUGREPORT "http://trac.transmissionbt.com/newticket"
| #define PACKAGE_URL ""
| #define PACKAGE "transmission"
| #define VERSION "2.77"
| #define STDC_HEADERS 1
| #define HAVE_SYS_TYPES_H 1
| #define HAVE_SYS_STAT_H 1
| #define HAVE_STDLIB_H 1
| #define HAVE_STRING_H 1
| #define HAVE_MEMORY_H 1
| #define HAVE_STRINGS_H 1
| #define HAVE_INTTYPES_H 1
| #define HAVE_STDINT_H 1
| #define HAVE_UNISTD_H 1
| #define HAVE_DLFCN_H 1
| #define LT_OBJDIR ".libs/"
| #define STDC_HEADERS 1
| #define TIME_WITH_SYS_TIME 1
| #define HAVE_STDBOOL_H 1
| #define HAVE_PREAD 1
| #define HAVE_PWRITE 1
| #define HAVE_STRLCPY 1
| #define HAVE_DAEMON 1
| #define HAVE_DIRNAME 1
| #define HAVE_BASENAME 1
| #define HAVE_STRCASECMP 1
| #define HAVE_LOCALTIME_R 1
| #define HAVE_MEMMEM 1
| #define HAVE_STRSEP 1
| #define HAVE_STRTOLD 1
| #define HAVE_SYSLOG 1
| #define HAVE_VALLOC 1
| #define HAVE_GETPAGESIZE 1
| #define HAVE_STATVFS 1
| #define HAVE_MKDTEMP 1
| #define HAVE_PTHREAD 1
| #define HAVE__TMP_DUMMY1_ZLIB_H 1
| #define HAVE_ZLIB 1
| #define _FILE_OFFSET_BITS 64
| #define HAVE_LSEEK64 1
| #define HAVE_DECL_POSIX_FADVISE 0
| #define HAVE_POSIX_FADVISE 1
| #define WITH_INOTIFY 1
| #define HAVE_SYS_STATVFS_H 1
| /* end confdefs.h.  */
| #include <stdio.h>
| #ifdef HAVE_SYS_TYPES_H
| # include <sys/types.h>
| #endif
| #ifdef HAVE_SYS_STAT_H
| # include <sys/stat.h>
| #endif
| #ifdef STDC_HEADERS
| # include <stdlib.h>
| # include <stddef.h>
| #else
| # ifdef HAVE_STDLIB_H
| #  include <stdlib.h>
| # endif
| #endif
| #ifdef HAVE_STRING_H
| # if !defined STDC_HEADERS && defined HAVE_MEMORY_H
| #  include <memory.h>
| # endif
| # include <string.h>
| #endif
| #ifdef HAVE_STRINGS_H
| # include <strings.h>
| #endif
| #ifdef HAVE_INTTYPES_H
| # include <inttypes.h>
| #endif
| #ifdef HAVE_STDINT_H
| # include <stdint.h>
| #endif
| #ifdef HAVE_UNISTD_H
| # include <unistd.h>
| #endif
| #include <xfs/xfs.h>
configure:17750: result: no
configure:17750: checking xfs/xfs.h presence
configure:17750: mipsel-uclibc-gcc -E -I/home/forgotfun/project/Myth/shibby_110/release/src-rt/router/zlib -DNDEBUG conftest.c
conftest.c:51:21: error: xfs/xfs.h: No such file or directory
configure:17750: $? = 1
configure: failed program was:
| /* confdefs.h */
| #define PACKAGE_NAME "transmission"
| #define PACKAGE_TARNAME "transmission"
| #define PACKAGE_VERSION "2.77"
| #define PACKAGE_STRING "transmission 2.77"
| #define PACKAGE_BUGREPORT "http://trac.transmissionbt.com/newticket"
| #define PACKAGE_URL ""
| #define PACKAGE "transmission"
| #define VERSION "2.77"
| #define STDC_HEADERS 1
| #define HAVE_SYS_TYPES_H 1
| #define HAVE_SYS_STAT_H 1
| #define HAVE_STDLIB_H 1
| #define HAVE_STRING_H 1
| #define HAVE_MEMORY_H 1
| #define HAVE_STRINGS_H 1
| #define HAVE_INTTYPES_H 1
| #define HAVE_STDINT_H 1
| #define HAVE_UNISTD_H 1
| #define HAVE_DLFCN_H 1
| #define LT_OBJDIR ".libs/"
| #define STDC_HEADERS 1
| #define TIME_WITH_SYS_TIME 1
| #define HAVE_STDBOOL_H 1
| #define HAVE_PREAD 1
| #define HAVE_PWRITE 1
| #define HAVE_STRLCPY 1
| #define HAVE_DAEMON 1
| #define HAVE_DIRNAME 1
| #define HAVE_BASENAME 1
| #define HAVE_STRCASECMP 1
| #define HAVE_LOCALTIME_R 1
| #define HAVE_MEMMEM 1
| #define HAVE_STRSEP 1
| #define HAVE_STRTOLD 1
| #define HAVE_SYSLOG 1
| #define HAVE_VALLOC 1
| #define HAVE_GETPAGESIZE 1
| #define HAVE_STATVFS 1
| #define HAVE_MKDTEMP 1
| #define HAVE_PTHREAD 1
| #define HAVE__TMP_DUMMY1_ZLIB_H 1
| #define HAVE_ZLIB 1
| #define _FILE_OFFSET_BITS 64
| #define HAVE_LSEEK64 1
| #define HAVE_DECL_POSIX_FADVISE 0
| #define HAVE_POSIX_FADVISE 1
| #define WITH_INOTIFY 1
| #define HAVE_SYS_STATVFS_H 1
| /* end confdefs.h.  */
| #include <xfs/xfs.h>
configure:17750: result: no
configure:17750: checking for xfs/xfs.h
configure:17750: result: no
configure:17771: checking for clock_gettime in -lrt
configure:17796: mipsel-uclibc-gcc -o conftest -Os -Wall -fno-delete-null-pointer-checks -funit-at-a-time 		--param large-function-growth=800 --param max-inline-insns-single=3000 		-ffunction-sections -fdata-sections -std=gnu99 -ggdb3 -Wall -W -Wpointer-arith -Wformat-security -Wcast-align -Wundef -Wcast-align -Wstrict-prototypes -Wmissing-declarations -Wmissing-format-attribute -Wredundant-decls -Wnested-externs -Wunused-parameter -Wwrite-strings -Winline -Wfloat-equal -Wextra -Wdeclaration-after-statement -Winit-self -I/home/forgotfun/project/Myth/shibby_110/release/src-rt/router/zlib -DNDEBUG -L/home/forgotfun/project/Myth/shibby_110/release/src-rt/router/zlib -ffunction-sections -fdata-sections -Wl,--gc-sections -fPIC conftest.c -lrt  -lm  >&5
conftest.c:58: warning: function declaration isn't a prototype
conftest.c:61: warning: function declaration isn't a prototype
configure:17796: $? = 0
configure:17805: result: yes
configure:17814: checking TP
configure:17856: result: yes
configure:17861: checking supported miniupnp library
configure:17894: mipsel-uclibc-gcc -o conftest -Os -Wall -fno-delete-null-pointer-checks -funit-at-a-time 		--param large-function-growth=800 --param max-inline-insns-single=3000 		-ffunction-sections -fdata-sections -std=gnu99 -ggdb3 -Wall -W -Wpointer-arith -Wformat-security -Wcast-align -Wundef -Wcast-align -Wstrict-prototypes -Wmissing-declarations -Wmissing-format-attribute -Wredundant-decls -Wnested-externs -Wunused-parameter -Wwrite-strings -Winline -Wfloat-equal -Wextra -Wdeclaration-after-statement -Winit-self -I/home/forgotfun/project/Myth/shibby_110/release/src-rt/router/zlib -DNDEBUG -L/home/forgotfun/project/Myth/shibby_110/release/src-rt/router/zlib -ffunction-sections -fdata-sections -Wl,--gc-sections -fPIC conftest.c -lminiupnpc >&5
conftest.c:54:37: error: miniupnpc/miniupnpc.h: No such file or directory
conftest.c:55:40: error: miniupnpc/upnpcommands.h: No such file or directory
conftest.c:59: warning: function declaration isn't a prototype
conftest.c: In function 'main':
conftest.c:62: error: storage size of 'urls' isn't known
conftest.c:63: error: storage size of 'data' isn't known
conftest.c:68: warning: implicit declaration of function 'upnpDiscover'
conftest.c:68: warning: nested extern declaration of 'upnpDiscover'
conftest.c:69: warning: implicit declaration of function 'UPNP_GetValidIGD'
conftest.c:69: warning: nested extern declaration of 'UPNP_GetValidIGD'
conftest.c:70: warning: implicit declaration of function 'UPNP_GetSpecificPortMappingEntry'
conftest.c:70: warning: nested extern declaration of 'UPNP_GetSpecificPortMappingEntry'
conftest.c:63: warning: unused variable 'data'
conftest.c:62: warning: unused variable 'urls'
configure:17894: $? = 1
configure: failed program was:
| /* confdefs.h */
| #define PACKAGE_NAME "transmission"
| #define PACKAGE_TARNAME "transmission"
| #define PACKAGE_VERSION "2.77"
| #define PACKAGE_STRING "transmission 2.77"
| #define PACKAGE_BUGREPORT "http://trac.transmissionbt.com/newticket"
| #define PACKAGE_URL ""
| #define PACKAGE "transmission"
| #define VERSION "2.77"
| #define STDC_HEADERS 1
| #define HAVE_SYS_TYPES_H 1
| #define HAVE_SYS_STAT_H 1
| #define HAVE_STDLIB_H 1
| #define HAVE_STRING_H 1
| #define HAVE_MEMORY_H 1
| #define HAVE_STRINGS_H 1
| #define HAVE_INTTYPES_H 1
| #define HAVE_STDINT_H 1
| #define HAVE_UNISTD_H 1
| #define HAVE_DLFCN_H 1
| #define LT_OBJDIR ".libs/"
| #define STDC_HEADERS 1
| #define TIME_WITH_SYS_TIME 1
| #define HAVE_STDBOOL_H 1
| #define HAVE_PREAD 1
| #define HAVE_PWRITE 1
| #define HAVE_STRLCPY 1
| #define HAVE_DAEMON 1
| #define HAVE_DIRNAME 1
| #define HAVE_BASENAME 1
| #define HAVE_STRCASECMP 1
| #define HAVE_LOCALTIME_R 1
| #define HAVE_MEMMEM 1
| #define HAVE_STRSEP 1
| #define HAVE_STRTOLD 1
| #define HAVE_SYSLOG 1
| #define HAVE_VALLOC 1
| #define HAVE_GETPAGESIZE 1
| #define HAVE_STATVFS 1
| #define HAVE_MKDTEMP 1
| #define HAVE_PTHREAD 1
| #define HAVE__TMP_DUMMY1_ZLIB_H 1
| #define HAVE_ZLIB 1
| #define _FILE_OFFSET_BITS 64
| #define HAVE_LSEEK64 1
| #define HAVE_DECL_POSIX_FADVISE 0
| #define HAVE_POSIX_FADVISE 1
| #define WITH_INOTIFY 1
| #define HAVE_SYS_STATVFS_H 1
| #define WITH_UTP 1
| /* end confdefs.h.  */
| 
|     #include <stdlib.h>
|     #include <miniupnpc/miniupnpc.h>
|     #include <miniupnpc/upnpcommands.h>
| 
| int
| main ()
| {
| 
|     struct UPNPDev * devlist;
|     struct UPNPUrls    urls;
|     struct IGDdatas    data;
|     char lanaddr[16];
|     char portStr[8];
|     char intPort[8];
|     char intClient[16];
|     upnpDiscover( 2000, NULL, NULL, 0 );
|     UPNP_GetValidIGD( devlist, &urls, &data, lanaddr, sizeof( lanaddr ) );
|     UPNP_GetSpecificPortMappingEntry( urls.controlURL, data.first.servicetype,
|                         portStr, "TCP", intClient, intPort );
| 
|   ;
|   return 0;
| }
configure:17933: mipsel-uclibc-gcc -o conftest -Os -Wall -fno-delete-null-pointer-checks -funit-at-a-time 		--param large-function-growth=800 --param max-inline-insns-single=3000 		-ffunction-sections -fdata-sections -std=gnu99 -ggdb3 -Wall -W -Wpointer-arith -Wformat-security -Wcast-align -Wundef -Wcast-align -Wstrict-prototypes -Wmissing-declarations -Wmissing-format-attribute -Wredundant-decls -Wnested-externs -Wunused-parameter -Wwrite-strings -Winline -Wfloat-equal -Wextra -Wdeclaration-after-statement -Winit-self -I/home/forgotfun/project/Myth/shibby_110/release/src-rt/router/zlib -DNDEBUG -L/home/forgotfun/project/Myth/shibby_110/release/src-rt/router/zlib -ffunction-sections -fdata-sections -Wl,--gc-sections -fPIC conftest.c -lminiupnpc >&5
conftest.c:55:37: error: miniupnpc/miniupnpc.h: No such file or directory
conftest.c:56:40: error: miniupnpc/upnpcommands.h: No such file or directory
conftest.c:60: warning: function declaration isn't a prototype
conftest.c: In function 'main':
conftest.c:63: error: storage size of 'urls' isn't known
conftest.c:64: error: storage size of 'data' isn't known
conftest.c:69: warning: implicit declaration of function 'upnpDiscover'
conftest.c:69: warning: nested extern declaration of 'upnpDiscover'
conftest.c:70: warning: implicit declaration of function 'UPNP_GetValidIGD'
conftest.c:70: warning: nested extern declaration of 'UPNP_GetValidIGD'
conftest.c:71: warning: implicit declaration of function 'UPNP_GetSpecificPortMappingEntry'
conftest.c:71: warning: nested extern declaration of 'UPNP_GetSpecificPortMappingEntry'
conftest.c:64: warning: unused variable 'data'
conftest.c:63: warning: unused variable 'urls'
configure:17933: $? = 1
configure: failed program was:
| /* confdefs.h */
| #define PACKAGE_NAME "transmission"
| #define PACKAGE_TARNAME "transmission"
| #define PACKAGE_VERSION "2.77"
| #define PACKAGE_STRING "transmission 2.77"
| #define PACKAGE_BUGREPORT "http://trac.transmissionbt.com/newticket"
| #define PACKAGE_URL ""
| #define PACKAGE "transmission"
| #define VERSION "2.77"
| #define STDC_HEADERS 1
| #define HAVE_SYS_TYPES_H 1
| #define HAVE_SYS_STAT_H 1
| #define HAVE_STDLIB_H 1
| #define HAVE_STRING_H 1
| #define HAVE_MEMORY_H 1
| #define HAVE_STRINGS_H 1
| #define HAVE_INTTYPES_H 1
| #define HAVE_STDINT_H 1
| #define HAVE_UNISTD_H 1
| #define HAVE_DLFCN_H 1
| #define LT_OBJDIR ".libs/"
| #define STDC_HEADERS 1
| #define TIME_WITH_SYS_TIME 1
| #define HAVE_STDBOOL_H 1
| #define HAVE_PREAD 1
| #define HAVE_PWRITE 1
| #define HAVE_STRLCPY 1
| #define HAVE_DAEMON 1
| #define HAVE_DIRNAME 1
| #define HAVE_BASENAME 1
| #define HAVE_STRCASECMP 1
| #define HAVE_LOCALTIME_R 1
| #define HAVE_MEMMEM 1
| #define HAVE_STRSEP 1
| #define HAVE_STRTOLD 1
| #define HAVE_SYSLOG 1
| #define HAVE_VALLOC 1
| #define HAVE_GETPAGESIZE 1
| #define HAVE_STATVFS 1
| #define HAVE_MKDTEMP 1
| #define HAVE_PTHREAD 1
| #define HAVE__TMP_DUMMY1_ZLIB_H 1
| #define HAVE_ZLIB 1
| #define _FILE_OFFSET_BITS 64
| #define HAVE_LSEEK64 1
| #define HAVE_DECL_POSIX_FADVISE 0
| #define HAVE_POSIX_FADVISE 1
| #define WITH_INOTIFY 1
| #define HAVE_SYS_STATVFS_H 1
| #define WITH_UTP 1
| /* end confdefs.h.  */
| 
|     #include <stdlib.h>
|     #include <errno.h>
|     #include <miniupnpc/miniupnpc.h>
|     #include <miniupnpc/upnpcommands.h>
| 
| int
| main ()
| {
| 
|     struct UPNPDev * devlist;
|     struct UPNPUrls    urls;
|     struct IGDdatas    data;
|     char lanaddr[16];
|     char portStr[8];
|     char intPort[8];
|     char intClient[16];
|     upnpDiscover( 2000, NULL, NULL, 0, 0, &errno );
|     UPNP_GetValidIGD( devlist, &urls, &data, lanaddr, sizeof( lanaddr ) );
|     UPNP_GetSpecificPortMappingEntry( urls.controlURL, data.first.servicetype,
|                         portStr, "TCP", intClient, intPort, NULL, NULL, NULL );
| 
|   ;
|   return 0;
| }
configure:17945: result: none
configure:18020: $PKG_CONFIG --exists --print-errors "gtk+-3.0 >= $GTK_MINIMUM
                  glib-2.0 >= $GLIB_MINIMUM
                  gio-2.0 >= $GIO_MINIMUM,
                  gmodule-2.0 >= $GLIB_MINIMUM
                  gthread-2.0 >= $GLIB_MINIMUM"
Package gtk+-3.0 was not found in the pkg-config search path.
Perhaps you should add the directory containing `gtk+-3.0.pc'
to the PKG_CONFIG_PATH environment variable
No package 'gtk+-3.0' found
configure:18027: $? = 1
configure:19382: creating ./config.status

## ---------------- ##
## Cache variables. ##
## ---------------- ##

ac_cv_build=x86_64-pc-linux-gnu
ac_cv_c_compiler_gnu=yes
ac_cv_c_inline=inline
ac_cv_cxx_compiler_gnu=yes
ac_cv_env_CCC_set=
ac_cv_env_CCC_value=
ac_cv_env_CC_set=set
ac_cv_env_CC_value=mipsel-uclibc-gcc
ac_cv_env_CFLAGS_set=set
ac_cv_env_CFLAGS_value='-Os -Wall -fno-delete-null-pointer-checks -funit-at-a-time 		--param large-function-growth=800 --param max-inline-insns-single=3000 		-ffunction-sections -fdata-sections'
ac_cv_env_CPPFLAGS_set=set
ac_cv_env_CPPFLAGS_value=-I/home/forgotfun/project/Myth/shibby_110/release/src-rt/router/zlib
ac_cv_env_CPP_set=
ac_cv_env_CPP_value=
ac_cv_env_CXXCPP_set=
ac_cv_env_CXXCPP_value=
ac_cv_env_CXXFLAGS_set=
ac_cv_env_CXXFLAGS_value=
ac_cv_env_CXX_set=
ac_cv_env_CXX_value=
ac_cv_env_GTK_CFLAGS_set=
ac_cv_env_GTK_CFLAGS_value=
ac_cv_env_GTK_LIBS_set=
ac_cv_env_GTK_LIBS_value=
ac_cv_env_LDFLAGS_set=set
ac_cv_env_LDFLAGS_value='-L/home/forgotfun/project/Myth/shibby_110/release/src-rt/router/zlib -ffunction-sections -fdata-sections -Wl,--gc-sections -fPIC'
ac_cv_env_LIBAPPINDICATOR_CFLAGS_set=
ac_cv_env_LIBAPPINDICATOR_CFLAGS_value=
ac_cv_env_LIBAPPINDICATOR_LIBS_set=
ac_cv_env_LIBAPPINDICATOR_LIBS_value=
ac_cv_env_LIBCURL_CFLAGS_set=set
ac_cv_env_LIBCURL_CFLAGS_value=-I/home/forgotfun/project/Myth/shibby_110/release/src-rt/router/libcurl/include
ac_cv_env_LIBCURL_LIBS_set=set
ac_cv_env_LIBCURL_LIBS_value='-L/home/forgotfun/project/Myth/shibby_110/release/src-rt/router/libcurl/lib/.libs/ -lcurl'
ac_cv_env_LIBEVENT_CFLAGS_set=set
ac_cv_env_LIBEVENT_CFLAGS_value=-I/home/forgotfun/project/Myth/shibby_110/release/src-rt/router/libevent/include
ac_cv_env_LIBEVENT_LIBS_set=set
ac_cv_env_LIBEVENT_LIBS_value='-L/home/forgotfun/project/Myth/shibby_110/release/src-rt/router/libevent/.libs -levent'
ac_cv_env_LIBS_set=
ac_cv_env_LIBS_value=
ac_cv_env_OPENSSL_CFLAGS_set=set
ac_cv_env_OPENSSL_CFLAGS_value=-I/home/forgotfun/project/Myth/shibby_110/release/src-rt/router/openssl/include
ac_cv_env_OPENSSL_LIBS_set=set
ac_cv_env_OPENSSL_LIBS_value='-L/home/forgotfun/project/Myth/shibby_110/release/src-rt/router/openssl -lcrypto -lssl'
ac_cv_env_PKG_CONFIG_set=
ac_cv_env_PKG_CONFIG_value=
ac_cv_env_build_alias_set=set
ac_cv_env_build_alias_value=x86_64-linux-gnu
ac_cv_env_host_alias_set=set
ac_cv_env_host_alias_value=mipsel-linux
ac_cv_env_target_alias_set=set
ac_cv_env_target_alias_value=mipsel-linux
ac_cv_func_basename=yes
ac_cv_func_daemon=yes
ac_cv_func_dirname=yes
ac_cv_func_fallocate64=no
ac_cv_func_getpagesize=yes
ac_cv_func_htonll=no
ac_cv_func_iconv_open=no
ac_cv_func_inotify_init=yes
ac_cv_func_localtime_r=yes
ac_cv_func_lrintf=no
ac_cv_func_lseek64=yes
ac_cv_func_malloc_0_nonnull=yes
ac_cv_func_memmem=yes
ac_cv_func_mkdtemp=yes
ac_cv_func_ntohll=no
ac_cv_func_posix_fadvise=yes
ac_cv_func_posix_fallocate=no
ac_cv_func_posix_memalign=no
ac_cv_func_pread=yes
ac_cv_func_pwrite=yes
ac_cv_func_statvfs=yes
ac_cv_func_strcasecmp=yes
ac_cv_func_strlcpy=yes
ac_cv_func_strsep=yes
ac_cv_func_strtold=yes
ac_cv_func_syslog=yes
ac_cv_func_valloc=yes
ac_cv_have_decl_posix_fadvise=no
ac_cv_header__tmp_dummy1_zlib_h=yes
ac_cv_header_dlfcn_h=yes
ac_cv_header_inttypes_h=yes
ac_cv_header_memory_h=yes
ac_cv_header_stdbool_h=yes
ac_cv_header_stdc=yes
ac_cv_header_stdint_h=yes
ac_cv_header_stdlib_h=yes
ac_cv_header_string_h=yes
ac_cv_header_strings_h=yes
ac_cv_header_sys_event_h=no
ac_cv_header_sys_inotify_h=yes
ac_cv_header_sys_stat_h=yes
ac_cv_header_sys_statvfs_h=yes
ac_cv_header_sys_types_h=yes
ac_cv_header_time=yes
ac_cv_header_unistd_h=yes
ac_cv_header_xfs_xfs_h=no
ac_cv_host=mipsel-unknown-linux-gnu
ac_cv_lib_rt_clock_gettime=yes
ac_cv_objext=o
ac_cv_path_EGREP='/bin/grep -E'
ac_cv_path_FGREP='/bin/grep -F'
ac_cv_path_GREP=/bin/grep
ac_cv_path_SED=/bin/sed
ac_cv_path_ac_pt_PKG_CONFIG=/usr/bin/pkg-config
ac_cv_path_install='/usr/bin/install -c'
ac_cv_path_mkdir=/bin/mkdir
ac_cv_prog_AR=mipsel-uclibc-ar
ac_cv_prog_AWK=gawk
ac_cv_prog_CC=mipsel-uclibc-gcc
ac_cv_prog_CPP='mipsel-uclibc-gcc -E'
ac_cv_prog_CXX=mipsel-linux-g++
ac_cv_prog_CXXCPP='mipsel-linux-g++ -E'
ac_cv_prog_HAVE_CXX=yes
ac_cv_prog_OBJDUMP=mipsel-linux-objdump
ac_cv_prog_RANLIB=mipsel-uclibc-ranlib
ac_cv_prog_STRIP=mipsel-uclibc-strip
ac_cv_prog_ac_ct_MANIFEST_TOOL=mt
ac_cv_prog_cc_c89=
ac_cv_prog_cc_g=yes
ac_cv_prog_cxx_g=yes
ac_cv_prog_make_make_set=yes
ac_cv_search_cos=-lm
ac_cv_search_gethostbyname='none required'
ac_cv_search_gzopen=-lz
ac_cv_search_socket='none required'
ac_cv_sys_file_offset_bits=64
ac_cv_sys_largefile_CC=no
am_cv_CC_dependencies_compiler_type=gcc3
am_cv_CXX_dependencies_compiler_type=gcc3
am_cv_prog_tar_pax=gnutar
lt_cv_ar_at_file=@
lt_cv_archive_cmds_need_lc=no
lt_cv_deplibs_check_method=pass_all
lt_cv_file_magic_cmd='$MAGIC_CMD'
lt_cv_file_magic_test_file=
lt_cv_ld_reload_flag=-r
lt_cv_nm_interface='BSD nm'
lt_cv_objdir=.libs
lt_cv_path_LD=mipsel-uclibc-ld
lt_cv_path_LDCXX=mipsel-uclibc-ld
lt_cv_path_NM=mipsel-uclibc-nm
lt_cv_path_mainfest_tool=no
lt_cv_prog_compiler_c_o=yes
lt_cv_prog_compiler_c_o_CXX=yes
lt_cv_prog_compiler_pic='-fPIC -DPIC'
lt_cv_prog_compiler_pic_CXX='-fPIC -DPIC'
lt_cv_prog_compiler_pic_works=yes
lt_cv_prog_compiler_pic_works_CXX=yes
lt_cv_prog_compiler_rtti_exceptions=no
lt_cv_prog_compiler_static_works=yes
lt_cv_prog_compiler_static_works_CXX=yes
lt_cv_prog_gnu_ld=yes
lt_cv_prog_gnu_ldcxx=yes
lt_cv_sharedlib_from_linklib_cmd='printf %s\n'
lt_cv_shlibpath_overrides_runpath=no
lt_cv_sys_global_symbol_pipe='sed -n -e '\''s/^.*[	 ]\([ABCDGIRSTW][ABCDGIRSTW]*\)[	 ][	 ]*\([_A-Za-z][_A-Za-z0-9]*\)$/\1 \2 \2/p'\'' | sed '\''/ __gnu_lto/d'\'''
lt_cv_sys_global_symbol_to_c_name_address='sed -n -e '\''s/^: \([^ ]*\)[ ]*$/  {\"\1\", (void *) 0},/p'\'' -e '\''s/^[ABCDGIRSTW]* \([^ ]*\) \([^ ]*\)$/  {"\2", (void *) \&\2},/p'\'''
lt_cv_sys_global_symbol_to_c_name_address_lib_prefix='sed -n -e '\''s/^: \([^ ]*\)[ ]*$/  {\"\1\", (void *) 0},/p'\'' -e '\''s/^[ABCDGIRSTW]* \([^ ]*\) \(lib[^ ]*\)$/  {"\2", (void *) \&\2},/p'\'' -e '\''s/^[ABCDGIRSTW]* \([^ ]*\) \([^ ]*\)$/  {"lib\2", (void *) \&\2},/p'\'''
lt_cv_sys_global_symbol_to_cdecl='sed -n -e '\''s/^T .* \(.*\)$/extern int \1();/p'\'' -e '\''s/^[ABCDGIRSTW]* .* \(.*\)$/extern char \1;/p'\'''
lt_cv_sys_max_cmd_len=3458764513820540925
lt_cv_to_host_file_cmd=func_convert_file_noop
lt_cv_to_tool_file_cmd=func_convert_file_noop
pkg_cv_LIBCURL_CFLAGS=-I/home/forgotfun/project/Myth/shibby_110/release/src-rt/router/libcurl/include
pkg_cv_LIBCURL_LIBS='-L/home/forgotfun/project/Myth/shibby_110/release/src-rt/router/libcurl/lib/.libs/ -lcurl'
pkg_cv_LIBEVENT_CFLAGS=-I/home/forgotfun/project/Myth/shibby_110/release/src-rt/router/libevent/include
pkg_cv_LIBEVENT_LIBS='-L/home/forgotfun/project/Myth/shibby_110/release/src-rt/router/libevent/.libs -levent'
pkg_cv_OPENSSL_CFLAGS=-I/home/forgotfun/project/Myth/shibby_110/release/src-rt/router/openssl/include
pkg_cv_OPENSSL_LIBS='-L/home/forgotfun/project/Myth/shibby_110/release/src-rt/router/openssl -lcrypto -lssl'

## ----------------- ##
## Output variables. ##
## ----------------- ##

ACLOCAL='${SHELL} /home/forgotfun/project/NewStageCode/shibby_110/release/src/router/transmission/missing --run aclocal-1.11'
AMDEPBACKSLASH='\'
AMDEP_FALSE='#'
AMDEP_TRUE=''
AMTAR='${SHELL} /home/forgotfun/project/NewStageCode/shibby_110/release/src/router/transmission/missing --run tar'
AM_BACKSLASH='\'
AM_DEFAULT_VERBOSITY='0'
AR='mipsel-uclibc-ar'
AUTOCONF='${SHELL} /home/forgotfun/project/NewStageCode/shibby_110/release/src/router/transmission/missing --run autoconf'
AUTOHEADER='${SHELL} /home/forgotfun/project/NewStageCode/shibby_110/release/src/router/transmission/missing --run autoheader'
AUTOMAKE='${SHELL} /home/forgotfun/project/NewStageCode/shibby_110/release/src/router/transmission/missing --run automake-1.11'
AWK='gawk'
BUILD_CLI_FALSE='#'
BUILD_CLI_TRUE=''
BUILD_DAEMON_FALSE='#'
BUILD_DAEMON_TRUE=''
BUILD_GTK_FALSE=''
BUILD_GTK_TRUE='#'
BUILD_MAC_FALSE=''
BUILD_MAC_TRUE='#'
BUILD_MINIUPNP_FALSE='#'
BUILD_MINIUPNP_TRUE=''
BUILD_NATPMP_FALSE='#'
BUILD_NATPMP_TRUE=''
BUILD_UTP_FALSE='#'
BUILD_UTP_TRUE=''
CATALOGS=''
CATOBJEXT=''
CC='mipsel-uclibc-gcc'
CCDEPMODE='depmode=gcc3'
CFLAGS='-Os -Wall -fno-delete-null-pointer-checks -funit-at-a-time 		--param large-function-growth=800 --param max-inline-insns-single=3000 		-ffunction-sections -fdata-sections -std=gnu99 -ggdb3 -Wall -W -Wpointer-arith -Wformat-security -Wcast-align -Wundef -Wcast-align -Wstrict-prototypes -Wmissing-declarations -Wmissing-format-attribute -Wredundant-decls -Wnested-externs -Wunused-parameter -Wwrite-strings -Winline -Wfloat-equal -Wextra -Wdeclaration-after-statement -Winit-self'
CPP='mipsel-uclibc-gcc -E'
CPPFLAGS='-I/home/forgotfun/project/Myth/shibby_110/release/src-rt/router/zlib -DNDEBUG'
CURL_MINIMUM='7.15.4'
CXX='mipsel-linux-g++'
CXXCPP='mipsel-linux-g++ -E'
CXXDEPMODE='depmode=gcc3'
CXXFLAGS='-g -O2'
CYGPATH_W='echo'
DATADIRNAME=''
DEFS='-DPACKAGE_NAME=\"transmission\" -DPACKAGE_TARNAME=\"transmission\" -DPACKAGE_VERSION=\"2.77\" -DPACKAGE_STRING=\"transmission\ 2.77\" -DPACKAGE_BUGREPORT=\"http://trac.transmissionbt.com/newticket\" -DPACKAGE_URL=\"\" -DPACKAGE=\"transmission\" -DVERSION=\"2.77\" -DSTDC_HEADERS=1 -DHAVE_SYS_TYPES_H=1 -DHAVE_SYS_STAT_H=1 -DHAVE_STDLIB_H=1 -DHAVE_STRING_H=1 -DHAVE_MEMORY_H=1 -DHAVE_STRINGS_H=1 -DHAVE_INTTYPES_H=1 -DHAVE_STDINT_H=1 -DHAVE_UNISTD_H=1 -DHAVE_DLFCN_H=1 -DLT_OBJDIR=\".libs/\" -DSTDC_HEADERS=1 -DTIME_WITH_SYS_TIME=1 -DHAVE_STDBOOL_H=1 -DHAVE_PREAD=1 -DHAVE_PWRITE=1 -DHAVE_STRLCPY=1 -DHAVE_DAEMON=1 -DHAVE_DIRNAME=1 -DHAVE_BASENAME=1 -DHAVE_STRCASECMP=1 -DHAVE_LOCALTIME_R=1 -DHAVE_MEMMEM=1 -DHAVE_STRSEP=1 -DHAVE_STRTOLD=1 -DHAVE_SYSLOG=1 -DHAVE_VALLOC=1 -DHAVE_GETPAGESIZE=1 -DHAVE_STATVFS=1 -DHAVE_MKDTEMP=1 -DHAVE_PTHREAD=1 -DHAVE__TMP_DUMMY1_ZLIB_H=1 -DHAVE_ZLIB=1 -D_FILE_OFFSET_BITS=64 -DHAVE_LSEEK64=1 -DHAVE_DECL_POSIX_FADVISE=0 -DHAVE_POSIX_FADVISE=1 -DWITH_INOTIFY=1 -DHAVE_SYS_STATVFS_H=1 -DWITH_UTP=1 -DHAVE_MINIUPNP_16=1 -DTR_LIGHTWEIGHT=1'
DEPDIR='.deps'
DHT_CFLAGS='-I$(top_srcdir)/third-party/dht'
DHT_LIBS='$(top_builddir)/third-party/dht/libdht.a'
DLLTOOL='false'
DSYMUTIL=''
DUMPBIN=''
ECHO_C=''
ECHO_N='-n'
ECHO_T=''
EGREP='/bin/grep -E'
EXEEXT=''
FGREP='/bin/grep -F'
GETTEXT_PACKAGE=''
GIO_MINIMUM='2.26.0'
GLIB_MINIMUM='2.32.0'
GMOFILES=''
GMSGFMT=''
GREP='/bin/grep'
GTK_CFLAGS=''
GTK_LIBS=''
GTK_MINIMUM='3.4.0'
HAVE_CXX='yes'
INSTALL_DATA='${INSTALL} -m 644'
INSTALL_PROGRAM='${INSTALL}'
INSTALL_SCRIPT='${INSTALL}'
INSTALL_STRIP_PROGRAM='$(install_sh) -c -s'
INSTOBJEXT=''
INTLLIBS=''
LD='mipsel-uclibc-ld'
LDFLAGS='-L/home/forgotfun/project/Myth/shibby_110/release/src-rt/router/zlib -ffunction-sections -fdata-sections -Wl,--gc-sections -fPIC'
LIBAPPINDICATOR_CFLAGS=''
LIBAPPINDICATOR_LIBS=''
LIBAPPINDICATOR_MINIMUM='0.4.90'
LIBCURL_CFLAGS='-I/home/forgotfun/project/Myth/shibby_110/release/src-rt/router/libcurl/include'
LIBCURL_LIBS='-L/home/forgotfun/project/Myth/shibby_110/release/src-rt/router/libcurl/lib/.libs/ -lcurl'
LIBEVENT_CFLAGS='-I/home/forgotfun/project/Myth/shibby_110/release/src-rt/router/libevent/include'
LIBEVENT_LIBS='-L/home/forgotfun/project/Myth/shibby_110/release/src-rt/router/libevent/.libs -levent'
LIBEVENT_MINIMUM='2.0.10'
LIBNATPMP_CFLAGS='-I$(top_srcdir)/third-party/libnatpmp/'
LIBNATPMP_LIBS='$(top_builddir)/third-party/libnatpmp/libnatpmp.a'
LIBNATPMP_LIBS_QT='$${TRANSMISSION_TOP}/third-party/libnatpmp/libnatpmp.a'
LIBOBJS=''
LIBS='-lm '
LIBTOOL='$(SHELL) $(top_builddir)/libtool'
LIBUPNP_CFLAGS='-I$(top_srcdir)/third-party/'
LIBUPNP_LIBS='$(top_builddir)/third-party/miniupnp/libminiupnp.a'
LIBUPNP_LIBS_QT='$${TRANSMISSION_TOP}/third-party/miniupnp/libminiupnp.a'
LIBUTP_CFLAGS='-I$(top_srcdir)/third-party/'
LIBUTP_LIBS='$(top_builddir)/third-party/libutp/libutp.a -lrt'
LIBUTP_LIBS_QT='$${TRANSMISSION_TOP}/third-party/libutp/libutp.a -lrt'
LIPO=''
LN_S='ln -s'
LTLIBOBJS=''
MAKEINFO='${SHELL} /home/forgotfun/project/NewStageCode/shibby_110/release/src/router/transmission/missing --run makeinfo'
MANIFEST_TOOL=':'
MKDIR_P='/bin/mkdir -p'
MKINSTALLDIRS=''
MSGFMT=''
NM='mipsel-uclibc-nm'
NMEDIT=''
OBJDUMP='mipsel-linux-objdump'
OBJEXT='o'
OPENSSL_CFLAGS='-I/home/forgotfun/project/Myth/shibby_110/release/src-rt/router/openssl/include'
OPENSSL_LIBS='-L/home/forgotfun/project/Myth/shibby_110/release/src-rt/router/openssl -lcrypto -lssl'
OPENSSL_MINIMUM='0.9.4'
OTOOL64=''
OTOOL=''
PACKAGE='transmission'
PACKAGE_BUGREPORT='http://trac.transmissionbt.com/newticket'
PACKAGE_NAME='transmission'
PACKAGE_STRING='transmission 2.77'
PACKAGE_TARNAME='transmission'
PACKAGE_URL=''
PACKAGE_VERSION='2.77'
PATH_SEPARATOR=':'
PEERID_PREFIX='-TR2770-'
PKG_CONFIG='/usr/bin/pkg-config'
POFILES=''
POSUB=''
PO_IN_DATADIR_FALSE=''
PO_IN_DATADIR_TRUE=''
PTHREAD_CC='mipsel-uclibc-gcc'
PTHREAD_CFLAGS='-pthread'
PTHREAD_LIBS=''
RANLIB='mipsel-uclibc-ranlib'
SED='/bin/sed'
SET_MAKE=''
SHELL='/bin/sh'
STRIP='mipsel-uclibc-strip'
TR_UNSTABLE_FALSE=''
TR_UNSTABLE_TRUE='#'
USERAGENT_PREFIX='2.77'
USE_NLS=''
VERSION='2.77'
WIN32_FALSE=''
WIN32_TRUE='#'
WINDRES=''
XGETTEXT=''
ZLIB_CFLAGS=''
ZLIB_LDFLAGS=''
ZLIB_LIBS='-lz -lm '
ac_ct_AR=''
ac_ct_CC=''
ac_ct_CXX=''
ac_ct_DUMPBIN=''
acx_pthread_config=''
am__EXEEXT_FALSE=''
am__EXEEXT_TRUE='#'
am__fastdepCC_FALSE='#'
am__fastdepCC_TRUE=''
am__fastdepCXX_FALSE='#'
am__fastdepCXX_TRUE=''
am__include='include'
am__isrc=''
am__leading_dot='.'
am__quote=''
am__tar='tar --format=posix -chf - "$$tardir"'
am__untar='tar -xf -'
bindir='${exec_prefix}/bin'
build='x86_64-pc-linux-gnu'
build_alias='x86_64-linux-gnu'
build_cpu='x86_64'
build_os='linux-gnu'
build_vendor='pc'
datadir='${datarootdir}'
datarootdir='${prefix}/share'
docdir='${datarootdir}/doc/${PACKAGE_TARNAME}'
dvidir='${docdir}'
exec_prefix='${prefix}'
host='mipsel-unknown-linux-gnu'
host_alias='mipsel-linux'
host_cpu='mipsel'
host_os='linux-gnu'
host_vendor='unknown'
htmldir='${docdir}'
includedir='${prefix}/include'
infodir='${datarootdir}/info'
install_sh='${SHELL} /home/forgotfun/project/NewStageCode/shibby_110/release/src/router/transmission/install-sh'
libdir='${exec_prefix}/lib'
libexecdir='${exec_prefix}/libexec'
localedir='${datarootdir}/locale'
localstatedir='${prefix}/var'
mandir='${datarootdir}/man'
mkdir_p='/bin/mkdir -p'
oldincludedir='/usr/include'
pdfdir='${docdir}'
prefix='/usr'
program_transform_name='s,x,x,'
psdir='${docdir}'
sbindir='${exec_prefix}/sbin'
sharedstatedir='${prefix}/com'
sysconfdir='${prefix}/etc'
target_alias='mipsel-linux'
transmissionlocaledir=''

## ----------- ##
## confdefs.h. ##
## ----------- ##

/* confdefs.h */
#define PACKAGE_NAME "transmission"
#define PACKAGE_TARNAME "transmission"
#define PACKAGE_VERSION "2.77"
#define PACKAGE_STRING "transmission 2.77"
#define PACKAGE_BUGREPORT "http://trac.transmissionbt.com/newticket"
#define PACKAGE_URL ""
#define PACKAGE "transmission"
#define VERSION "2.77"
#define STDC_HEADERS 1
#define HAVE_SYS_TYPES_H 1
#define HAVE_SYS_STAT_H 1
#define HAVE_STDLIB_H 1
#define HAVE_STRING_H 1
#define HAVE_MEMORY_H 1
#define HAVE_STRINGS_H 1
#define HAVE_INTTYPES_H 1
#define HAVE_STDINT_H 1
#define HAVE_UNISTD_H 1
#define HAVE_DLFCN_H 1
#define LT_OBJDIR ".libs/"
#define STDC_HEADERS 1
#define TIME_WITH_SYS_TIME 1
#define HAVE_STDBOOL_H 1
#define HAVE_PREAD 1
#define HAVE_PWRITE 1
#define HAVE_STRLCPY 1
#define HAVE_DAEMON 1
#define HAVE_DIRNAME 1
#define HAVE_BASENAME 1
#define HAVE_STRCASECMP 1
#define HAVE_LOCALTIME_R 1
#define HAVE_MEMMEM 1
#define HAVE_STRSEP 1
#define HAVE_STRTOLD 1
#define HAVE_SYSLOG 1
#define HAVE_VALLOC 1
#define HAVE_GETPAGESIZE 1
#define HAVE_STATVFS 1
#define HAVE_MKDTEMP 1
#define HAVE_PTHREAD 1
#define HAVE__TMP_DUMMY1_ZLIB_H 1
#define HAVE_ZLIB 1
#define _FILE_OFFSET_BITS 64
#define HAVE_LSEEK64 1
#define HAVE_DECL_POSIX_FADVISE 0
#define HAVE_POSIX_FADVISE 1
#define WITH_INOTIFY 1
#define HAVE_SYS_STATVFS_H 1
#define WITH_UTP 1
#define HAVE_MINIUPNP_16 1
#define TR_LIGHTWEIGHT 1

configure: exit 0

## ---------------------- ##
## Running config.status. ##
## ---------------------- ##

This file was extended by transmission config.status 2.77, which was
generated by GNU Autoconf 2.65.  Invocation command line was

  CONFIG_FILES    = 
  CONFIG_HEADERS  = 
  CONFIG_LINKS    = 
  CONFIG_COMMANDS = 
  $ ./config.status 

on ThinkPad-X230

config.status:1176: creating Makefile
config.status:1176: creating transmission-gtk.spec
config.status:1176: creating cli/Makefile
config.status:1176: creating daemon/Makefile
config.status:1176: creating extras/Makefile
config.status:1176: creating libtransmission/Makefile
config.status:1176: creating utils/Makefile
config.status:1176: creating third-party/Makefile
config.status:1176: creating third-party/dht/Makefile
config.status:1176: creating third-party/libutp/Makefile
config.status:1176: creating third-party/libnatpmp/Makefile
config.status:1176: creating third-party/miniupnp/Makefile
config.status:1176: creating macosx/Makefile
config.status:1176: creating gtk/Makefile
config.status:1176: creating gtk/icons/Makefile
config.status:1176: creating qt/config.pri
config.status:1176: creating web/Makefile
config.status:1176: creating web/images/Makefile
config.status:1176: creating web/style/Makefile
config.status:1176: creating web/style/jqueryui/Makefile
config.status:1176: creating web/style/jqueryui/images/Makefile
config.status:1176: creating web/style/transmission/Makefile
config.status:1176: creating web/style/transmission/images/Makefile
config.status:1176: creating web/style/transmission/images/buttons/Makefile
config.status:1176: creating web/javascript/Makefile
config.status:1176: creating web/javascript/jquery/Makefile
config.status:1176: creating po/Makefile.in
config.status:1339: executing depfiles commands
config.status:1339: executing libtool commands
